This is e-pTeX, Version 3.14159265-p3.6-141210-2.6 (utf8.euc) (TeX Live 2015) (preloaded format=platex 2015.7.27)  26 MAY 2016 08:07
entering extended mode
 restricted \write18 enabled.
 file:line:error style messages enabled.
 %&-line parsing enabled.
**userguide_jp
(./userguide_jp.tex
pLaTeX2e <2006/11/10> (based on LaTeX2e <2015/01/01> patch level 0)
Babel <3.9l> and hyphenation patterns for 79 languages loaded.

! LaTeX Error: File `../package/mybook.cls' not found.

Type X to quit or <RETURN> to proceed,
or enter new name. (Default extension: cls)

Enter file name: 
./userguide_jp.tex:13: Emergency stop.
<read *> 
         
l.13 \usepackage
                {atbegshi}^^M
End of file on the terminal!

 
Here is how much of TeX's memory you used:
 10 strings out of 493777
 159 string characters out of 6151334
 54184 words of memory out of 5000000
 3596 multiletter control sequences out of 15000+600000
 7519 words of font info for 31 fonts, out of 8000000 for 9000
 929 hyphenation exceptions out of 8191
 10i,0n,7p,80b,8s stack positions out of 5000i,500n,10000p,200000b,80000s
No pages of output.
tbegshi 2011/10/05 v1.16 At begin shipout hook (HO)

(/usr/local/texlive/2015/texmf-dist/tex/generic/oberdiek/infwarerr.sty
Package: infwarerr 2010/04/08 v1.3 Providing info/warning/error messages (HO)
)
(/usr/local/texlive/2015/texmf-dist/tex/generic/oberdiek/ltxcmds.sty
Package: ltxcmds 2011/11/09 v1.22 LaTeX kernel commands for general use (HO)
)
(/usr/local/texlive/2015/texmf-dist/tex/generic/oberdiek/ifpdf.sty
Package: ifpdf 2011/01/30 v2.3 Provides the ifpdf switch (HO)
Package ifpdf Info: pdfTeX in PDF mode is not detected.
))
(/usr/local/texlive/2015/texmf-dist/tex/latex/amsmath/amsmath.sty
Package: amsmath 2013/01/14 v2.14 AMS math features
\@mathmargin=\skip43

For additional information on amsmath, use the `?' option.
(/usr/local/texlive/2015/texmf-dist/tex/latex/amsmath/amstext.sty
Package: amstext 2000/06/29 v2.01

(/usr/local/texlive/2015/texmf-dist/tex/latex/amsmath/amsgen.sty
File: amsgen.sty 1999/11/30 v2.0
\@emptytoks=\toks15
\ex@=\dimen119
))
(/usr/local/texlive/2015/texmf-dist/tex/latex/amsmath/amsbsy.sty
Package: amsbsy 1999/11/29 v1.2d
\pmbraise@=\dimen120
)
(/usr/local/texlive/2015/texmf-dist/tex/latex/amsmath/amsopn.sty
Package: amsopn 1999/12/14 v2.01 operator names
)
\inf@bad=\count90
LaTeX Info: Redefining \frac on input line 210.
\uproot@=\count91
\leftroot@=\count92
LaTeX Info: Redefining \overline on input line 306.
\classnum@=\count93
\DOTSCASE@=\count94
LaTeX Info: Redefining \ldots on input line 378.
LaTeX Info: Redefining \dots on input line 381.
LaTeX Info: Redefining \cdots on input line 466.
\Mathstrutbox@=\box41
\strutbox@=\box42
\big@size=\dimen121
LaTeX Font Info:    Redeclaring font encoding OML on input line 566.
LaTeX Font Info:    Redeclaring font encoding OMS on input line 567.
\macc@depth=\count95
\c@MaxMatrixCols=\count96
\dotsspace@=\muskip10
\c@parentequation=\count97
\dspbrk@lvl=\count98
\tag@help=\toks16
\row@=\count99
\column@=\count100
\maxfields@=\count101
\andhelp@=\toks17
\eqnshift@=\dimen122
\alignsep@=\dimen123
\tagshift@=\dimen124
\tagwidth@=\dimen125
\totwidth@=\dimen126
\lineht@=\dimen127
\@envbody=\toks18
\multlinegap=\skip44
\multlinetaggap=\skip45
\mathdisplay@stack=\toks19
LaTeX Info: Redefining \[ on input line 2665.
LaTeX Info: Redefining \] on input line 2666.
)
(/usr/local/texlive/2015/texmf-dist/tex/latex/amsfonts/amsfonts.sty
Package: amsfonts 2013/01/14 v3.01 Basic AMSFonts support
\symAMSa=\mathgroup4
\symAMSb=\mathgroup5
LaTeX Font Info:    Overwriting math alphabet `\mathfrak' in version `bold'
(Font)                  U/euf/m/n --> U/euf/b/n on input line 106.
)
(/usr/local/texlive/2015/texmf-dist/tex/latex/amscls/amsthm.sty
Package: amsthm 2015/03/04 v2.20.2
\thm@style=\toks20
\thm@bodyfont=\toks21
\thm@headfont=\toks22
\thm@notefont=\toks23
\thm@headpunct=\toks24
\thm@preskip=\skip46
\thm@postskip=\skip47
\thm@headsep=\skip48
\dth@everypar=\toks25
)
(/usr/local/texlive/2015/texmf-dist/tex/latex/amsfonts/amssymb.sty
Package: amssymb 2013/01/14 v3.01 AMS font symbols
)
(/usr/local/texlive/2015/texmf-dist/tex/latex/graphics/graphicx.sty
Package: graphicx 2014/10/28 v1.0g Enhanced LaTeX Graphics (DPC,SPQR)

(/usr/local/texlive/2015/texmf-dist/tex/latex/graphics/keyval.sty
Package: keyval 2014/10/28 v1.15 key=value parser (DPC)
\KV@toks@=\toks26
)
(/usr/local/texlive/2015/texmf-dist/tex/latex/graphics/graphics.sty
Package: graphics 2014/10/28 v1.0p Standard LaTeX Graphics (DPC,SPQR)

(/usr/local/texlive/2015/texmf-dist/tex/latex/graphics/trig.sty
Package: trig 1999/03/16 v1.09 sin cos tan (DPC)
)
(/usr/local/texlive/2015/texmf-dist/tex/latex/latexconfig/graphics.cfg
File: graphics.cfg 2010/04/23 v1.9 graphics configuration of TeX Live
)
Package graphics Info: Driver file: dvips.def on input line 94.

(/usr/local/texlive/2015/texmf-dist/tex/latex/graphics/dvips.def
File: dvips.def 2014/10/14 v3.0j Driver-dependent file (DPC,SPQR)
))
\Gin@req@height=\dimen128
\Gin@req@width=\dimen129
)
(/usr/local/texlive/2015/texmf-dist/tex/latex/graphics/color.sty
Package: color 2014/10/28 v1.1a Standard LaTeX Color (DPC)

(/usr/local/texlive/2015/texmf-dist/tex/latex/latexconfig/color.cfg
File: color.cfg 2007/01/18 v1.5 color configuration of teTeX/TeXLive
)
Package color Info: Driver file: dvips.def on input line 142.

(/usr/local/texlive/2015/texmf-dist/tex/latex/graphics/dvipsnam.def
File: dvipsnam.def 2014/10/14 v3.0j Driver-dependent file (DPC,SPQR)
))
(/usr/local/texlive/2015/texmf-dist/tex/latex/tools/bm.sty
Package: bm 2014/10/28 v1.1c Bold Symbol Support (DPC/FMi)
\symboldoperators=\mathgroup6
\symboldletters=\mathgroup7
\symboldsymbols=\mathgroup8
LaTeX Font Info:    Redeclaring math alphabet \mathbf on input line 141.
LaTeX Info: Redefining \bm on input line 207.
)
(/usr/local/texlive/2015/texmf-dist/tex/latex/cite/cite.sty
LaTeX Info: Redefining \cite on input line 302.
LaTeX Info: Redefining \nocite on input line 332.
Package: cite 2015/02/27  v 5.5
)
(/usr/local/texlive/2015/texmf-dist/tex/latex/float/float.sty
Package: float 2001/11/08 v1.3d Float enhancements (AL)
\c@float@type=\count102
\float@exts=\toks27
\float@box=\box43
\@float@everytoks=\toks28
\@floatcapt=\box44
)
(/usr/local/texlive/2015/texmf-dist/tex/latex/tools/enumerate.sty
Package: enumerate 2014/10/28 v3.00 enumerate extensions (DPC)
\@enLab=\toks29
)
(/usr/local/texlive/2015/texmf-dist/tex/platex/base/ascmac.sty
(/usr/local/texlive/2015/texmf-dist/tex/platex/base/tascmac.sty
\@savetbaselineshift=\dimen130
\@saveybaselineshift=\dimen131
\scb@x=\box45
\scscb@x=\box46
\@bw=\dimen132
\@nbox=\box47
\@nbody=\box48
\@scw=\dimen133
\@itemh=\dimen134
\@iboxpos=\toks30
\@iboxstr=\box49
\@bwsp=\box50
\@@bwsp=\box51
\@bcal=\count103
\shaderule=\dimen135
))
(/usr/local/texlive/2015/texmf-dist/tex/latex/url/url.sty
\Urlmuskip=\muskip11
Package: url 2013/09/16  ver 3.4  Verb mode for urls, etc.
)
(/usr/local/texlive/2015/texmf-dist/tex/latex/hyperref/hyperref.sty
Package: hyperref 2012/11/06 v6.83m Hypertext links for LaTeX

(/usr/local/texlive/2015/texmf-dist/tex/generic/oberdiek/hobsub-hyperref.sty
Package: hobsub-hyperref 2012/05/28 v1.13 Bundle oberdiek, subset hyperref (HO)


(/usr/local/texlive/2015/texmf-dist/tex/generic/oberdiek/hobsub-generic.sty
Package: hobsub-generic 2012/05/28 v1.13 Bundle oberdiek, subset generic (HO)
Package: hobsub 2012/05/28 v1.13 Construct package bundles (HO)
Package hobsub Info: Skipping package `infwarerr' (already loaded).
Package hobsub Info: Skipping package `ltxcmds' (already loaded).
Package: ifluatex 2010/03/01 v1.3 Provides the ifluatex switch (HO)
Package ifluatex Info: LuaTeX not detected.
Package: ifvtex 2010/03/01 v1.5 Detect VTeX and its facilities (HO)
Package ifvtex Info: VTeX not detected.
Package: intcalc 2007/09/27 v1.1 Expandable calculations with integers (HO)
Package hobsub Info: Skipping package `ifpdf' (already loaded).
Package: etexcmds 2011/02/16 v1.5 Avoid name clashes with e-TeX commands (HO)
Package etexcmds Info: Could not find \expanded.
(etexcmds)             That can mean that you are not using pdfTeX 1.50 or
(etexcmds)             that some package has redefined \expanded.
(etexcmds)             In the latter case, load this package earlier.
Package: kvsetkeys 2012/04/25 v1.16 Key value parser (HO)
Package: kvdefinekeys 2011/04/07 v1.3 Define keys (HO)
Package: pdftexcmds 2011/11/29 v0.20 Utility functions of pdfTeX for LuaTeX (HO
)
Package pdftexcmds Info: LuaTeX not detected.
Package pdftexcmds Info: pdfTeX >= 1.30 not detected.
Package pdftexcmds Info: \pdf@primitive is not available.
Package pdftexcmds Info: \pdf@ifprimitive is not available.
Package pdftexcmds Info: \pdfdraftmode not found.
Package: pdfescape 2011/11/25 v1.13 Implements pdfTeX's escape features (HO)
Package: bigintcalc 2012/04/08 v1.3 Expandable calculations on big integers (HO
)
Package: bitset 2011/01/30 v1.1 Handle bit-vector datatype (HO)
Package: uniquecounter 2011/01/30 v1.2 Provide unlimited unique counter (HO)
)
Package hobsub Info: Skipping package `hobsub' (already loaded).
Package: letltxmacro 2010/09/02 v1.4 Let assignment for LaTeX macros (HO)
Package: hopatch 2012/05/28 v1.2 Wrapper for package hooks (HO)
Package: xcolor-patch 2011/01/30 xcolor patch
Package: atveryend 2011/06/30 v1.8 Hooks at the very end of document (HO)
Package atveryend Info: \enddocument detected (standard20110627).
Package hobsub Info: Skipping package `atbegshi' (already loaded).
Package: refcount 2011/10/16 v3.4 Data extraction from label references (HO)
Package: hycolor 2011/01/30 v1.7 Color options for hyperref/bookmark (HO)
)
(/usr/local/texlive/2015/texmf-dist/tex/generic/ifxetex/ifxetex.sty
Package: ifxetex 2010/09/12 v0.6 Provides ifxetex conditional
)
(/usr/local/texlive/2015/texmf-dist/tex/latex/oberdiek/auxhook.sty
Package: auxhook 2011/03/04 v1.3 Hooks for auxiliary files (HO)
)
(/usr/local/texlive/2015/texmf-dist/tex/latex/oberdiek/kvoptions.sty
Package: kvoptions 2011/06/30 v3.11 Key value format for package options (HO)
)
\@linkdim=\dimen136
\Hy@linkcounter=\count104
\Hy@pagecounter=\count105

(/usr/local/texlive/2015/texmf-dist/tex/latex/hyperref/pd1enc.def
File: pd1enc.def 2012/11/06 v6.83m Hyperref: PDFDocEncoding definition (HO)
)
\Hy@SavedSpaceFactor=\count106

(/usr/local/texlive/2015/texmf-dist/tex/latex/latexconfig/hyperref.cfg
File: hyperref.cfg 2002/06/06 v1.2 hyperref configuration of TeXLive
)
Package hyperref Info: Hyper figures OFF on input line 4443.
Package hyperref Info: Link nesting OFF on input line 4448.
Package hyperref Info: Hyper index ON on input line 4451.
Package hyperref Info: Plain pages OFF on input line 4458.
Package hyperref Info: Backreferencing OFF on input line 4463.
Package hyperref Info: Implicit mode ON; LaTeX internals redefined.
Package hyperref Info: Bookmarks ON on input line 4688.
\c@Hy@tempcnt=\count107
LaTeX Info: Redefining \url on input line 5041.
\XeTeXLinkMargin=\dimen137
\Fld@menulength=\count108
\Field@Width=\dimen138
\Fld@charsize=\dimen139
Package hyperref Info: Hyper figures OFF on input line 6295.
Package hyperref Info: Link nesting OFF on input line 6300.
Package hyperref Info: Hyper index ON on input line 6303.
Package hyperref Info: backreferencing OFF on input line 6310.
Package hyperref Info: Link coloring OFF on input line 6315.
Package hyperref Info: Link coloring with OCG OFF on input line 6320.
Package hyperref Info: PDF/A mode OFF on input line 6325.
LaTeX Info: Redefining \ref on input line 6365.
LaTeX Info: Redefining \pageref on input line 6369.
\Hy@abspage=\count109
\c@Item=\count110
\c@Hfootnote=\count111
)

Package hyperref Message: Driver: hdvipdfm.

(/usr/local/texlive/2015/texmf-dist/tex/latex/hyperref/hdvipdfm.def
File: hdvipdfm.def 2012/11/06 v6.83m Hyperref driver for dvipdfm
\pdfm@box=\box52
\c@Hy@AnnotLevel=\count112
\HyField@AnnotCount=\count113
\Fld@listcount=\count114
\c@bookmark@seq@number=\count115

(/usr/local/texlive/2015/texmf-dist/tex/latex/oberdiek/rerunfilecheck.sty
Package: rerunfilecheck 2011/04/15 v1.7 Rerun checks for auxiliary files (HO)
Package rerunfilecheck Info: Feature \pdfmdfivesum is not available
(rerunfilecheck)             (e.g. pdfTeX or LuaTeX with package `pdftexcmds').

(rerunfilecheck)             Therefore file contents cannot be checked efficien
tly
(rerunfilecheck)             and the loading of the package is aborted.
)
\Hy@SectionHShift=\skip49
)
(/usr/local/texlive/2015/texmf-dist/tex/generic/ulem/ulem.sty
\UL@box=\box53
\UL@hyphenbox=\box54
\UL@skip=\skip50
\UL@hook=\toks31
\UL@height=\dimen140
\UL@pe=\count116
\UL@pixel=\dimen141
\ULC@box=\box55
Package: ulem 2012/05/18
\ULdepth=\dimen142
)
(../package/mythesis.sty

LaTeX Warning: You have requested package `../package/mythesis',
               but the package provides `mythesis'.

Package: mythesis 2007/10/13 package wrapper for mythesis mythesis.tex
\@braw=\skip51
\@brad=\skip52
) (./userguide_jp.aux)
\openout1 = `userguide_jp.aux'.

LaTeX Font Info:    Checking defaults for OML/cmm/m/it on input line 95.
LaTeX Font Info:    ... okay on input line 95.
LaTeX Font Info:    Checking defaults for T1/cmr/m/n on input line 95.
LaTeX Font Info:    ... okay on input line 95.
LaTeX Font Info:    Checking defaults for OT1/cmr/m/n on input line 95.
LaTeX Font Info:    ... okay on input line 95.
LaTeX Font Info:    Checking defaults for OMS/cmsy/m/n on input line 95.
LaTeX Font Info:    ... okay on input line 95.
LaTeX Font Info:    Checking defaults for OMX/cmex/m/n on input line 95.
LaTeX Font Info:    ... okay on input line 95.
LaTeX Font Info:    Checking defaults for U/cmr/m/n on input line 95.
LaTeX Font Info:    ... okay on input line 95.
LaTeX Font Info:    Checking defaults for JY1/mc/m/n on input line 95.
LaTeX Font Info:    ... okay on input line 95.
LaTeX Font Info:    Checking defaults for JT1/mc/m/n on input line 95.
LaTeX Font Info:    ... okay on input line 95.
LaTeX Font Info:    Checking defaults for PD1/pdf/m/n on input line 95.
LaTeX Font Info:    ... okay on input line 95.
\AtBeginShipoutBox=\box56
Package hyperref Info: Link coloring OFF on input line 95.

(/usr/local/texlive/2015/texmf-dist/tex/latex/hyperref/nameref.sty
Package: nameref 2012/10/27 v2.43 Cross-referencing by name of section

(/usr/local/texlive/2015/texmf-dist/tex/generic/oberdiek/gettitlestring.sty
Package: gettitlestring 2010/12/03 v1.4 Cleanup title references (HO)
)
\c@section@level=\count117
)
LaTeX Info: Redefining \ref on input line 95.
LaTeX Info: Redefining \pageref on input line 95.
LaTeX Info: Redefining \nameref on input line 95.

(./userguide_jp.out) (./userguide_jp.out)
\@outlinefile=\write3
\openout3 = `userguide_jp.out'.

LaTeX Font Info:    Font shape `JT1/mc/bx/n' in size <17.28> not available
(Font)              Font shape `JT1/gt/m/n' tried instead on input line 118.
LaTeX Font Info:    Font shape `JY1/mc/bx/n' in size <17.28> not available
(Font)              Font shape `JY1/gt/m/n' tried instead on input line 118.
LaTeX Font Info:    Try loading font information for U+msa on input line 118.

(/usr/local/texlive/2015/texmf-dist/tex/latex/amsfonts/umsa.fd
File: umsa.fd 2013/01/14 v3.01 AMS symbols A
)
LaTeX Font Info:    Try loading font information for U+msb on input line 118.

(/usr/local/texlive/2015/texmf-dist/tex/latex/amsfonts/umsb.fd
File: umsb.fd 2013/01/14 v3.01 AMS symbols B
)

LaTeX Font Warning: Font shape `JT1/mc/m/it' undefined
(Font)              using `JT1/mc/m/n' instead on input line 118.


LaTeX Font Warning: Font shape `JY1/mc/m/it' undefined
(Font)              using `JY1/mc/m/n' instead on input line 118.

LaTeX Font Info:    Try loading font information for OMS+cmr on input line 118.

(/usr/local/texlive/2015/texmf-dist/tex/latex/base/omscmr.fd
File: omscmr.fd 2014/09/29 v2.5h Standard LaTeX font definitions
)
LaTeX Font Info:    Font shape `OMS/cmr/m/it' in size <14.4> not available
(Font)              Font shape `OMS/cmsy/m/n' tried instead on input line 118.
LaTeX Font Info:    Font shape `OMS/cmr/m/n' in size <14.4> not available
(Font)              Font shape `OMS/cmsy/m/n' tried instead on input line 118.
 [1


] [2

]
LaTeX Font Info:    Font shape `JT1/mc/bx/n' in size <24.88> not available
(Font)              Font shape `JT1/gt/m/n' tried instead on input line 124.
LaTeX Font Info:    Font shape `JY1/mc/bx/n' in size <24.88> not available
(Font)              Font shape `JY1/gt/m/n' tried instead on input line 124.

(./userguide_jp.toc
LaTeX Font Info:    Font shape `JT1/mc/bx/n' in size <12> not available
(Font)              Font shape `JT1/gt/m/n' tried instead on input line 1.
LaTeX Font Info:    Font shape `JY1/mc/bx/n' in size <12> not available
(Font)              Font shape `JY1/gt/m/n' tried instead on input line 1.
 [1

] [2])
\tf@toc=\write4
\openout4 = `userguide_jp.toc'.

 [3] [4

] (./chap01_jp.tex
 1.

Package hyperref Warning: Token not allowed in a PDF string (PDFDocEncoding):
(hyperref)                removing `math shift' on input line 3.


Package hyperref Warning: Token not allowed in a PDF string (PDFDocEncoding):
(hyperref)                removing `\Phi' on input line 3.


Package hyperref Warning: Token not allowed in a PDF string (PDFDocEncoding):
(hyperref)                removing `math shift' on input line 3.


Package hyperref Warning: Token not allowed in a PDF string (PDFDocEncoding):
(hyperref)                removing `math shift' on input line 9.


Package hyperref Warning: Token not allowed in a PDF string (PDFDocEncoding):
(hyperref)                removing `\Phi' on input line 9.


Package hyperref Warning: Token not allowed in a PDF string (PDFDocEncoding):
(hyperref)                removing `math shift' on input line 9.

LaTeX Font Info:    Font shape `JT1/mc/bx/n' in size <14.4> not available
(Font)              Font shape `JT1/gt/m/n' tried instead on input line 34.
LaTeX Font Info:    Font shape `JY1/mc/bx/n' in size <14.4> not available
(Font)              Font shape `JY1/gt/m/n' tried instead on input line 34.
LaTeX Font Info:    Font shape `OMS/cmr/m/it' in size <12> not available
(Font)              Font shape `OMS/cmsy/m/n' tried instead on input line 39.
LaTeX Font Info:    Font shape `OMS/cmr/m/n' in size <12> not available
(Font)              Font shape `OMS/cmsy/m/n' tried instead on input line 39.

Underfull \vbox (badness 1019) has occurred while \output is active []

 [1

]
[2]) (./chap02_jp.tex [3]
 2.

Package hyperref Warning: Token not allowed in a PDF string (PDFDocEncoding):
(hyperref)                removing `math shift' on input line 3.


Package hyperref Warning: Token not allowed in a PDF string (PDFDocEncoding):
(hyperref)                removing `\Phi' on input line 3.


Package hyperref Warning: Token not allowed in a PDF string (PDFDocEncoding):
(hyperref)                removing `math shift' on input line 3.

LaTeX Font Info:    Font shape `OT1/cmtt/bx/n' in size <14.4> not available
(Font)              Font shape `OT1/cmtt/m/n' tried instead on input line 53.
[4

]
Overfull \hbox (5.45888pt too wide) in paragraph at lines 79--79
[] \OT1/cmtt/m/n/12 FLAGS = -qopenmp  -O3 -xCORE-AVX2 -mcmodel=large -shared-in
tel -D MPI[] 
 []

[5] [6] [7] [8] [9] [10] [11]) (./chap03_jp.tex [12]
 3.

Overfull \hbox (28.45274pt too wide) in paragraph at lines 51--68
[]$[]$ 
 []

[13

] [14]
Overfull \hbox (27.355pt too wide) in paragraph at lines 208--208
[]\OT1/cmtt/m/n/10.95 ######  Indices and Parameters of Definition files(*.def)
 are complete.  ######[] 
 []


Underfull \vbox (badness 10000) has occurred while \output is active []

 [15]
Overfull \hbox (4.36024pt too wide) in paragraph at lines 208--208
[]  \OT1/cmtt/m/n/10.95 stp = 4 -1.1878294823 0.6833997592 2.1864630296 3.42427
89858 0.2140174366[] 
 []


Overfull \hbox (10.10893pt too wide) in paragraph at lines 208--208
[]  \OT1/cmtt/m/n/10.95 stp = 6 -2.4623912732 -0.8925857144 0.5104359160 1.7443
963706 0.2277205490[] 
 []


Underfull \vbox (badness 10000) has occurred while \output is active []

 [16]
Overfull \hbox (15.85762pt too wide) in paragraph at lines 208--208
[]  \OT1/cmtt/m/n/10.95 stp = 8 -3.5878334190 -2.0969913075 -0.8250723080 0.336
9317092 0.2325450330[] 
 []


Overfull \hbox (27.355pt too wide) in paragraph at lines 241--241
[]  \OT1/cmtt/m/n/10.95 stp = 60 -7.1422963606 -6.8721066784 -6.6965474265 -6.5
234070570 0.2499999989[] 
 []


Overfull \hbox (27.355pt too wide) in paragraph at lines 241--241
[]  \OT1/cmtt/m/n/10.95 stp = 62 -7.1422963606 -6.8721066784 -6.6965474266 -6.5
234070573 0.2499999996[] 
 []


Overfull \hbox (27.355pt too wide) in paragraph at lines 241--241
[]  \OT1/cmtt/m/n/10.95 stp = 64 -7.1422963606 -6.8721066784 -6.6965474266 -6.5
234070574 0.2499999999[] 
 []


Overfull \hbox (0.45816pt too wide) in paragraph at lines 244--250
[]\JY1/mc/m/it/12 この実行では 、 はじめにハミルトニアンの詳細を記述するフ ァ 
イル \OT1/cmtt/m/n/12 zlocspin.def\JY1/mc/m/it/12 、
 []


Underfull \hbox (badness 10000) in paragraph at lines 256--260
[]\OT1/cmr/m/n/12 Lanczos \JY1/mc/m/it/12 法による計算の偶数ステ ッ プで標準出
力される情報のうち 、
 []


Underfull \hbox (badness 1642) in paragraph at lines 256--260
\OT1/cmtt/m/n/12 E_Max / Nsite \JY1/mc/m/it/12 の列の値は最大固有値をサイト数で
割 っ たものとな っ てい
 []

[17]
Overfull \hbox (0.92194pt too wide) in paragraph at lines 279--291
[]$[]$
 []


Overfull \hbox (0.92194pt too wide) in paragraph at lines 294--305
[]$[]$ 
 []

[18] [19]
Overfull \hbox (29.3747pt too wide) in paragraph at lines 383--398
[]$[]$
 []


Underfull \hbox (badness 10000) in paragraph at lines 383--398

 []

[20]
Overfull \hbox (29.3747pt too wide) in paragraph at lines 399--429
[]$[]$
 []


Underfull \hbox (badness 10000) in paragraph at lines 399--429

 []


Overfull \hbox (29.3747pt too wide) in paragraph at lines 430--452
[]$[]$
 []


Underfull \hbox (badness 10000) in paragraph at lines 430--452

 []

[21]
Overfull \hbox (29.3747pt too wide) in paragraph at lines 467--500
[]$[]$
 []


Underfull \hbox (badness 10000) in paragraph at lines 467--500

 []


Overfull \hbox (6.00381pt too wide) in paragraph at lines 467--500
\OT1/cmr/m/n/12 1 \JY1/mc/m/it/12 に $\OMS/cmsy/m/n/12 ^^@\OT1/cmr/m/n/12 0\OML
/cmm/m/it/12 :\OT1/cmr/m/n/12 5\OML/cmm/m/it/12 S[]$\OT1/cmr/m/n/12 ($\OML/cmm/
m/it/12 S \OT1/cmr/m/n/12 = 1\OML/cmm/m/it/12 =\OT1/cmr/m/n/12 2$) \JY1/mc/m/it
/12 の外場を掛けたい場合には 、 電子系の表現 $\OMS/cmsy/m/n/12 ^^@\OT1/cmr/m/n/
12 0\OML/cmm/m/it/12 :\OT1/cmr/m/n/12 5\OML/cmm/m/it/12 =\OT1/cmr/m/n/12 2(\OML
/cmm/m/it/12 c[]c[] \OMS/cmsy/m/n/12 ^^@
 []


Overfull \hbox (29.3747pt too wide) in paragraph at lines 467--500
[]$[]$
 []


Underfull \hbox (badness 10000) in paragraph at lines 467--500

 []

[22]
Overfull \hbox (57.82744pt too wide) in paragraph at lines 506--528
[]$[]$
 []


Underfull \hbox (badness 10000) in paragraph at lines 506--528

 []


Overfull \hbox (32.01585pt too wide) in paragraph at lines 532--532
[] 
 []


Overfull \hbox (57.82744pt too wide) in paragraph at lines 532--567
[]$[]$
 []


Underfull \hbox (badness 10000) in paragraph at lines 532--567

 []


Overfull \hbox (57.82744pt too wide) in paragraph at lines 532--567
[]$[]$
 []


Underfull \hbox (badness 10000) in paragraph at lines 532--567

 []

[23]
Overfull \hbox (29.3747pt too wide) in paragraph at lines 575--596
[]$[]$
 []


Underfull \hbox (badness 10000) in paragraph at lines 575--596

 []


Overfull \hbox (29.3747pt too wide) in paragraph at lines 596--617
[]$[]$
 []


Underfull \hbox (badness 10000) in paragraph at lines 596--617

 []

[24] [25]
Overfull \hbox (5.8421pt too wide) in paragraph at lines 668--668
[]\OT1/cmtt/m/n/12 greenone.def  modpara.def   zInterAll.def zlocspn.def[] 
 []

) (./chap04_jp.tex [26]
 4.
[27

]
Overfull \hbox (49.75778pt too wide) in paragraph at lines 58--61
[]\JY1/gt/m/n/12 形式 \OT1/cmr/bx/n/12 : \JY1/mc/m/it/12 文字列 \OT1/cmr/m/n/12
 (\OT1/cmtt/m/n/12 "Fermion Hubbard"\OT1/cmr/m/n/12 , \OT1/cmtt/m/n/12 "Spin"\O
T1/cmr/m/n/12 , \OT1/cmtt/m/n/12 "Kondo Lattice"\OT1/cmr/m/n/12 , \OT1/cmtt/m/n
/12 "Fermion HubbardGC"\OT1/cmr/m/n/12 ,
 []


Overfull \hbox (6.57172pt too wide) in paragraph at lines 113--115
[]\JY1/gt/m/n/12 形式 \OT1/cmr/bx/n/12 : \JY1/mc/m/it/12 文字列 \OT1/cmr/m/n/12
 (\OT1/cmtt/m/n/12 "Chain Lattice"\OT1/cmr/m/n/12 , \OT1/cmtt/m/n/12 "Square La
ttice"\OT1/cmr/m/n/12 , \OT1/cmtt/m/n/12 "Triangular Lattice"\OT1/cmr/m/n/12 ,
 []


Overfull \hbox (21.01031pt too wide) in paragraph at lines 124--127
[]\OT1/cmtt/m/n/12 method="SpinGCBoost"\JY1/mc/m/it/12 では 、 このうち\OT1/cmt
t/m/n/12 "Chain Lattice"\OT1/cmr/m/n/12 , \OT1/cmtt/m/n/12 "Honeycomb Lattice"\
OT1/cmr/m/n/12 ,
 []

[28]
File: ../figs/chap04_1_lattice.eps Graphic file (type eps)
 <../figs/chap04_1_lattice.eps>
File: ../figs/chap04_1_honeycomb.eps Graphic file (type eps)
 <../figs/chap04_1_honeycomb.eps>
File: ../figs/kagome.eps Graphic file (type eps)

<../figs/kagome.eps>
File: ../figs/ladder.eps Graphic file (type eps)
 <../figs/ladder.eps> [29] [30]
File: ../figs/chap04_1_unitlattice.eps Graphic file (type eps)

<../figs/chap04_1_unitlattice.eps> [31] [32]
Overfull \hbox (32.8183pt too wide) in paragraph at lines 348--366
[][] 
 []

[33] [34]
Overfull \hbox (4.40251pt too wide) in paragraph at lines 426--430
\OT1/cmtt/m/n/12 V1\OT1/cmr/m/n/12 , \OT1/cmtt/m/n/12 V2 \JY1/mc/m/it/12 を別 
々 に指定する代わりにパラメ ータ \OT1/cmtt/m/n/12 V \JY1/mc/m/it/12 を指定する
と 、 \OT1/cmtt/m/n/12 V0 = V1 = V2 = V
 []

[35] [36] [37] [38]

LaTeX Warning: `!h' float specifier changed to `!ht'.

[39] [40] [41] [42] [43] [44] [45] [46] [47] [48] [49] [50]
Overfull \hbox (11.66643pt too wide) in paragraph at lines 1255--1257
[]\OT1/cmr/m/n/12 6 \JY1/mc/m/it/12 行以降\OT1/cmr/m/n/12 : [int02] [int03] [in
t04] [int05] [int06] [int07] [int08] [int09] [dou-ble01] [dou-
 []

[51] [52] [53] [54] [55] [56] [57] [58] [59] [60] [61] [62] [63] [64] [65]
[66] [67] [68] [69] [70] [71] [72]
Overfull \hbox (3.96573pt too wide) in paragraph at lines 2123--2123
[]\OT1/cmtt/m/n/12 i=1 isite1=1 A_spin=0 isite2=2 B_spin=1 tmp_V=-0.500000[] 
 []


Overfull \hbox (3.96573pt too wide) in paragraph at lines 2123--2123
[]\OT1/cmtt/m/n/12 i=2 isite1=1 A_spin=1 isite2=2 B_spin=0 tmp_V=-0.500000[] 
 []


Overfull \hbox (3.96573pt too wide) in paragraph at lines 2123--2123
[]\OT1/cmtt/m/n/12 i=5 isite1=2 A_spin=0 isite2=3 B_spin=1 tmp_V=-0.500000[] 
 []


Overfull \hbox (42.59933pt too wide) in paragraph at lines 2130--2131
[]\OT1/cmr/m/n/12 i=$[$int01$]$ isite1=$[$int02$]$ A[]spin=$[$int03$]$ isite2=$
[$int04$]$ B[]spin=$[$int05$]$ tmp[]V=$[$double01$]$ 
 []

[73] [74] [75] [76] [77] [78]
Overfull \hbox (3.96573pt too wide) in paragraph at lines 2420--2420
[]\OT1/cmtt/m/n/12 diagonal calculation finishes: Wed Sep 16 22:58:49 2015[] 
 []


Overfull \hbox (3.96573pt too wide) in paragraph at lines 2420--2420
[]\OT1/cmtt/m/n/12 Lanczos expec energy finishes: Wed Sep 16 22:58:49 2015[] 
 []

[79] [80] [81] [82]
Overfull \hbox (6.81265pt too wide) in paragraph at lines 2640--2641
[]\JY1/gt/m/n/12 説明 \OT1/cmr/bx/n/12 : \JY1/mc/m/it/12 初期ランダムベクトルに
 $\OT1/cmr/m/n/12 (\OML/cmm/m/it/12 l \OMS/cmsy/m/n/12 ^^@ []\OML/cmm/m/it/12 =
N[]\OT1/cmr/m/n/12 )$($\OML/cmm/m/it/12 l$ \JY1/mc/m/it/12 は \OT1/cmr/m/n/12 M
od-Para \JY1/mc/m/it/12 フ ァ イルの \OT1/cmtt/m/n/12 LargeValue\JY1/mc/m/it/12
 、
 []

[83] [84]
Overfull \hbox (6.81265pt too wide) in paragraph at lines 2713--2714
[]\JY1/gt/m/n/12 説明 \OT1/cmr/bx/n/12 : \JY1/mc/m/it/12 初期ランダムベクトルに
 $\OT1/cmr/m/n/12 (\OML/cmm/m/it/12 l \OMS/cmsy/m/n/12 ^^@ []\OML/cmm/m/it/12 =
N[]\OT1/cmr/m/n/12 )$($\OML/cmm/m/it/12 l$ \JY1/mc/m/it/12 は \OT1/cmr/m/n/12 M
od-Para \JY1/mc/m/it/12 フ ァ イルの \OT1/cmtt/m/n/12 LargeValue\JY1/mc/m/it/12
 、
 []

[85] [86]
Overfull \hbox (3.96573pt too wide) in paragraph at lines 2772--2772
[]  \OT1/cmtt/m/n/12 -4.814170   0.000000   0.000000  -0.000000   0.590568[] 
 []


Overfull \hbox (3.96573pt too wide) in paragraph at lines 2772--2772
[]  \OT1/cmtt/m/n/12 -3.796850   0.000000   0.000000   1.333333   0.423804[] 
 []

[87] [88] [89] [90]
Overfull \hbox (0.75887pt too wide) in paragraph at lines 2903--2903
[]    \OT1/cmtt/m/n/12 0    0    0    0    0    0    0    0 0.4452776740 0.0000
000000[] 
 []


Overfull \hbox (0.75887pt too wide) in paragraph at lines 2903--2903
[]    \OT1/cmtt/m/n/12 0    0    0    0    0    1    0    1 0.1843355815 0.0000
000000[] 
 []


Overfull \hbox (0.75887pt too wide) in paragraph at lines 2903--2903
[]    \OT1/cmtt/m/n/12 0    0    0    0    1    0    1    0 0.1812412105 0.0000
000000[] 
 []


Overfull \hbox (0.75887pt too wide) in paragraph at lines 2903--2903
[]    \OT1/cmtt/m/n/12 0    0    0    0    1    1    1    1 0.2640364635 0.0000
000000[] 
 []


Overfull \hbox (0.75887pt too wide) in paragraph at lines 2903--2903
[]    \OT1/cmtt/m/n/12 0    0    0    0    2    0    2    0 0.0279690007 0.0000
000000[] 
 []


Overfull \hbox (0.75887pt too wide) in paragraph at lines 2903--2903
[]    \OT1/cmtt/m/n/12 0    0    0    0    2    1    2    1 0.2009271524 0.0000
000000[] 
 []


Overfull \hbox (0.75887pt too wide) in paragraph at lines 2903--2903
[]    \OT1/cmtt/m/n/12 0    0    0    0    3    0    3    0 0.2512810778 0.0000
000000[] 
 []


Overfull \hbox (0.75887pt too wide) in paragraph at lines 2903--2903
[]    \OT1/cmtt/m/n/12 0    0    0    0    3    1    3    1 0.1939965962 0.0000
000000[] 
 []


Overfull \hbox (17.62482pt too wide) in paragraph at lines 2891--2906
[]$[]$ 
 []


Overfull \hbox (12.52354pt too wide) in paragraph at lines 2918--2919
[]$\OT1/cmr/m/n/12 [$int01$]$  $[$int02$]$  $[$int03$]$  $[$int04$]$  $[$int05$
]$  $[$int06$]$  $[$int07$]$  $[$int08$]$  $[$double01$]$  $[$double02$]$ 
 []

[91] [92] [93]
Overfull \hbox (16.30856pt too wide) in paragraph at lines 2995--2997
[]\OT1/cmtt/m/n/12 Please use the EXPART MODE, or write a NEW FUNCTION and post
 it us. 
 []


Overfull \hbox (47.18358pt too wide) in paragraph at lines 3005--3006
[]\OT1/cmtt/m/n/12 ERROR ! nelec > nsite && 2 * |Sz| > 2 * nsite - nelec in Hub
bard model ! 
 []


Overfull \hbox (16.30856pt too wide) in paragraph at lines 3010--3011
[]\OT1/cmtt/m/n/12 ERROR ! (nelec_cond + nelec_loc + 2 * Sz) % 2 != 0 in Kondo 
model ! 
 []


Overfull \hbox (47.18358pt too wide) in paragraph at lines 3011--3012
[]\OT1/cmtt/m/n/12 ERROR ! nelec_cond <= nsite / 2 && 2 * |Sz| > nelec_cond + n
elec_loc ... 
 []


Overfull \hbox (28.65857pt too wide) in paragraph at lines 3012--3013
[]\OT1/cmtt/m/n/12 ERROR ! nelec_cond > nsite / 2 && abs(Sz2) > nsite / 2 * 3 -
 nelec... 
 []


Overfull \hbox (22.48357pt too wide) in paragraph at lines 3018--3021
[]        \OT1/cmtt/m/n/12 or check this input is REALLY APPROPRIATE for your p
urpose ! 
 []

) (./chap05_jp.tex [94]
 5.
[95

] [96] [97] [98]) (./chap06_jp.tex [99]
 6.
) (./userguide_jp.bbl [100

])
Package atveryend Info: Empty hook `BeforeClearDocument' on input line 150.
 [101

]
Package atveryend Info: Empty hook `AfterLastShipout' on input line 150.
 (./userguide_jp.aux)
Package atveryend Info: Empty hook `AtVeryEndDocument' on input line 150.
Package atveryend Info: Empty hook `AtEndAfterFileList' on input line 150.


LaTeX Font Warning: Some font shapes were not available, defaults substituted.

Package atveryend Info: Empty hook `AtVeryVeryEnd' on input line 150.
 ) 
Here is how much of TeX's memory you used:
 6315 strings out of 493777
 89882 string characters out of 6151334
 194485 words of memory out of 5000000
 9669 multiletter control sequences out of 15000+600000
 34110 words of font info for 135 fonts, out of 8000000 for 9000
 929 hyphenation exceptions out of 8191
 31i,12n,31p,660b,505s stack positions out of 5000i,500n,10000p,200000b,80000s

Output written on userguide_jp.dvi (107 pages, 342052 bytes).
