The system is: Darwin - 15.5.0 - x86_64
Compiling the C compiler identification source file "CMakeCCompilerId.c" succeeded.
Compiler: /opt/intel/compilers_and_libraries_2016.1.111/mac/bin/intel64/icc 
Build flags: 
Id flags: 

The output was:
0


Compilation of the C compiler identification source "CMakeCCompilerId.c" produced "a.out"

The C compiler identification is Intel, found in "/Users/k-yoshimi/program/mVMC/src/main/build/CMakeFiles/3.5.2/CompilerIdC/a.out"

Determining if the C compiler works passed with the following output:
Change Dir: /Users/k-yoshimi/program/mVMC/src/main/build/CMakeFiles/CMakeTmp

Run Build Command:"/opt/local/bin/gmake" "cmTC_c5617/fast"
/opt/local/bin/gmake -f CMakeFiles/cmTC_c5617.dir/build.make CMakeFiles/cmTC_c5617.dir/build
gmake[1]: ディレクトリ '/Users/k-yoshimi/program/mVMC/src/main/build/CMakeFiles/CMakeTmp' に入ります
Building C object CMakeFiles/cmTC_c5617.dir/testCCompiler.c.o
/opt/intel/compilers_and_libraries_2016.1.111/mac/bin/intel64/icc     -o CMakeFiles/cmTC_c5617.dir/testCCompiler.c.o   -c /Users/k-yoshimi/program/mVMC/src/main/build/CMakeFiles/CMakeTmp/testCCompiler.c
Linking C executable cmTC_c5617
/opt/local/bin/cmake -E cmake_link_script CMakeFiles/cmTC_c5617.dir/link.txt --verbose=1
/opt/intel/compilers_and_libraries_2016.1.111/mac/bin/intel64/icc    -Wl,-search_paths_first -Wl,-headerpad_max_install_names   CMakeFiles/cmTC_c5617.dir/testCCompiler.c.o  -o cmTC_c5617  
gmake[1]: ディレクトリ '/Users/k-yoshimi/program/mVMC/src/main/build/CMakeFiles/CMakeTmp' から出ます


Detecting C compiler ABI info compiled with the following output:
Change Dir: /Users/k-yoshimi/program/mVMC/src/main/build/CMakeFiles/CMakeTmp

Run Build Command:"/opt/local/bin/gmake" "cmTC_5eb26/fast"
/opt/local/bin/gmake -f CMakeFiles/cmTC_5eb26.dir/build.make CMakeFiles/cmTC_5eb26.dir/build
gmake[1]: ディレクトリ '/Users/k-yoshimi/program/mVMC/src/main/build/CMakeFiles/CMakeTmp' に入ります
Building C object CMakeFiles/cmTC_5eb26.dir/CMakeCCompilerABI.c.o
/opt/intel/compilers_and_libraries_2016.1.111/mac/bin/intel64/icc     -o CMakeFiles/cmTC_5eb26.dir/CMakeCCompilerABI.c.o   -c /opt/local/share/cmake-3.5/Modules/CMakeCCompilerABI.c
Linking C executable cmTC_5eb26
/opt/local/bin/cmake -E cmake_link_script CMakeFiles/cmTC_5eb26.dir/link.txt --verbose=1
/opt/intel/compilers_and_libraries_2016.1.111/mac/bin/intel64/icc    -Wl,-search_paths_first -Wl,-headerpad_max_install_names  -v -Wl,-v CMakeFiles/cmTC_5eb26.dir/CMakeCCompilerABI.c.o  -o cmTC_5eb26   
icc version 16.0.1 (gcc version 4.9.0 compatibility)
/opt/intel/compilers_and_libraries_2016.1.111/mac/bin/intel64/mcpcom    -mGLOB_em64t=TRUE -mP1OPT_version=16.0-intel64 -mGLOB_diag_file=CMakeFiles/cmTC_5eb26.dir/CMakeCCompilerABI.c.diag -mGLOB_diag_use_message_catalog=FALSE -mP1OPT_print_version=FALSE -mCG_use_gas_got_workaround=F -mP2OPT_align_option_used=TRUE -mGLOB_gcc_version=490 "-mGLOB_options_string=-Wl,-search_paths_first -Wl,-headerpad_max_install_names -v -Wl,-v -o cmTC_5eb26" -mGLOB_position_independent_code -mGLOB_preemption_model=1 -mGLOB_no_compact_unwind=TRUE -mGLOB_cxx_limited_range=FALSE -mCG_extend_parms=FALSE -mGLOB_compiler_bin_directory=/opt/intel/compilers_and_libraries_2016.1.111/mac/bin/intel64 -mGLOB_as_output_backup_file_name=/var/folders/mj/f5sxy44163qg03fwd5jmv5km0000gn/T/iccdeBJBvas_.s -mGLOB_dashboard_use_source_name -mIPOPT_activate -mGLOB_product_id_code=0x22006d91 -mP3OPT_use_mspp_call_convention -mPGOPTI_value_profile_use=T -mGLOB_opt_report_use_source_name -mP2OPT_il0_array_sections=TRUE -mP2OPT_hlo -mP2OPT_hpo_rtt_control=0 -mIPOPT_args_in_regs=0 -mP2OPT_disam_assume_nonstd_intent_in=FALSE -mGLOB_imf_mapping_library=/opt/intel/compilers_and_libraries_2016.1.111/mac/bin/intel64/libiml_attr.dylib -mPGOPTI_gen_threadsafe_level=0 -mIPOPT_link -mIPOPT_ipo_activate -mIPOPT_mo_activate -mIPOPT_source_files_list=/var/folders/mj/f5sxy44163qg03fwd5jmv5km0000gn/T/iccslis2nrTk2 -mIPOPT_mo_global_data "-mIPOPT_cmdline_link="-dynamic" "-arch" "x86_64" "-weak_reference_mismatches" "non-weak" "-macosx_version_min" "10.11.5" "-no_compact_unwind" "-o" "cmTC_5eb26" "-L/opt/intel//compilers_and_libraries_2016.1.111/mac/compiler/lib" "-L/opt/intel//compilers_and_libraries_2016.1.111/mac/mkl/lib" "-L/opt/intel//compilers_and_libraries_2016.1.111/mac/ipp/lib" "-L/opt/intel//compilers_and_libraries_2016.1.111/mac/compiler/lib" "-L/opt/intel//compilers_and_libraries_2016.1.111/mac/mkl/lib" "-L/opt/intel//compilers_and_libraries_2016.1.111/mac/tbb/lib" "-L/opt/intel/compilers_and_libraries_2016/mac/daal/lib" "-L/opt/intel/compilers_and_libraries_2016/mac/daal/../tbb/lib" "-L/opt/intel/compilers_and_libraries_2016/mac/daal/../compiler/lib" "-L/opt/intel/compilers_and_libraries_2016.1.111/mac/compiler/lib" "-L/usr/lib" "-search_paths_first" "-headerpad_max_install_names" "-v" "CMakeFiles/cmTC_5eb26.dir/CMakeCCompilerABI.c.o" "/opt/intel/compilers_and_libraries_2016.1.111/mac/compiler/lib/libimf.a" "/opt/intel/compilers_and_libraries_2016.1.111/mac/compiler/lib/libsvml.a" "/opt/intel/compilers_and_libraries_2016.1.111/mac/compiler/lib/libirng.a" "/opt/intel/compilers_and_libraries_2016.1.111/mac/compiler/lib/libipgo.a" "/opt/intel/compilers_and_libraries_2016.1.111/mac/compiler/lib/libdecimal.a" "-weak-lcilkrts" "-lc++" "-lSystem" "/opt/intel/compilers_and_libraries_2016.1.111/mac/compiler/lib/libirc.a" "/opt/intel/compilers_and_libraries_2016.1.111/mac/compiler/lib/libsvml.a" "/Applications/Xcode.app/Contents/Developer/Toolchains/XcodeDefault.xctoolchain/usr/bin/../lib/clang/7.0.2/lib/darwin/libclang_rt.osx.a"" -mIPOPT_il_in_obj -mIPOPT_ipo_activate_warn=FALSE -mIPOPT_obj_output_file_name=/var/folders/mj/f5sxy44163qg03fwd5jmv5km0000gn/T/ipo_iccPZVT1w.o -mIPOPT_whole_archive_fixup_file_name=/var/folders/mj/f5sxy44163qg03fwd5jmv5km0000gn/T/iccwarchvQxg6m -mGLOB_long_size_64 -mGLOB_routine_pointer_size_64 -mGLOB_driver_tempfile_name=/var/folders/mj/f5sxy44163qg03fwd5jmv5km0000gn/T/icctempfileHmuQ8j -mGLOB_os_target=GLOB_OS_TARGET_MACH -mGLOB_async_unwind_tables=TRUE -mGLOB_obj_output_file=/var/folders/mj/f5sxy44163qg03fwd5jmv5km0000gn/T/ipo_iccPZVT1w.o -mGLOB_source_dialect=GLOB_SOURCE_DIALECT_NONE -mP1OPT_source_file_name=ipo_out.c CMakeFiles/cmTC_5eb26.dir/CMakeCCompilerABI.c.o -mIPOPT_object_files=T -mIPOPT_assembly_files=/var/folders/mj/f5sxy44163qg03fwd5jmv5km0000gn/T/iccalisZzRftG -mIPOPT_generated_tempfiles=/var/folders/mj/f5sxy44163qg03fwd5jmv5km0000gn/T/iccelis5ekbgh -mIPOPT_embedded_object_base_name=/var/folders/mj/f5sxy44163qg03fwd5jmv5km0000gn/T/icceobjGU8MWc
/Applications/Xcode.app/Contents/Developer/Toolchains/XcodeDefault.xctoolchain/usr/bin/ld    -dynamic -arch x86_64 -weak_reference_mismatches non-weak -macosx_version_min 10.11.5 -no_compact_unwind -o cmTC_5eb26 -L/opt/intel//compilers_and_libraries_2016.1.111/mac/compiler/lib -L/opt/intel//compilers_and_libraries_2016.1.111/mac/mkl/lib -L/opt/intel//compilers_and_libraries_2016.1.111/mac/ipp/lib -L/opt/intel//compilers_and_libraries_2016.1.111/mac/compiler/lib -L/opt/intel//compilers_and_libraries_2016.1.111/mac/mkl/lib -L/opt/intel//compilers_and_libraries_2016.1.111/mac/tbb/lib -L/opt/intel/compilers_and_libraries_2016/mac/daal/lib -L/opt/intel/compilers_and_libraries_2016/mac/daal/../tbb/lib -L/opt/intel/compilers_and_libraries_2016/mac/daal/../compiler/lib -L/opt/intel/compilers_and_libraries_2016.1.111/mac/compiler/lib -L/usr/lib CMakeFiles/cmTC_5eb26.dir/CMakeCCompilerABI.c.o -search_paths_first -headerpad_max_install_names -v /opt/intel/compilers_and_libraries_2016.1.111/mac/compiler/lib/libimf.a /opt/intel/compilers_and_libraries_2016.1.111/mac/compiler/lib/libsvml.a /opt/intel/compilers_and_libraries_2016.1.111/mac/compiler/lib/libirng.a /opt/intel/compilers_and_libraries_2016.1.111/mac/compiler/lib/libipgo.a /opt/intel/compilers_and_libraries_2016.1.111/mac/compiler/lib/libdecimal.a -weak-lcilkrts -lc++ -lSystem /opt/intel/compilers_and_libraries_2016.1.111/mac/compiler/lib/libirc.a /opt/intel/compilers_and_libraries_2016.1.111/mac/compiler/lib/libsvml.a /Applications/Xcode.app/Contents/Developer/Toolchains/XcodeDefault.xctoolchain/usr/bin/../lib/clang/7.0.2/lib/darwin/libclang_rt.osx.a
@(#)PROGRAM:ld  PROJECT:ld64-253.9
configured to support archs: armv6 armv7 armv7s arm64 i386 x86_64 x86_64h armv6m armv7k armv7m armv7em (tvOS)
Library search paths:
	/opt/intel//compilers_and_libraries_2016.1.111/mac/compiler/lib
	/opt/intel//compilers_and_libraries_2016.1.111/mac/mkl/lib
	/opt/intel//compilers_and_libraries_2016.1.111/mac/ipp/lib
	/opt/intel//compilers_and_libraries_2016.1.111/mac/compiler/lib
	/opt/intel//compilers_and_libraries_2016.1.111/mac/mkl/lib
	/opt/intel//compilers_and_libraries_2016.1.111/mac/tbb/lib
	/opt/intel/compilers_and_libraries_2016/mac/daal/lib
	/opt/intel/compilers_and_libraries_2016.1.111/mac/tbb/lib
	/opt/intel/compilers_and_libraries_2016.1.111/mac/compiler/lib
	/opt/intel/compilers_and_libraries_2016.1.111/mac/compiler/lib
	/usr/lib
	/usr/lib
	/usr/local/lib
Framework search paths:
	/Library/Frameworks/
	/System/Library/Frameworks/
gmake[1]: ディレクトリ '/Users/k-yoshimi/program/mVMC/src/main/build/CMakeFiles/CMakeTmp' から出ます


Parsed C implicit link information from above output:
  link line regex: [^( *|.*[/\])(ld|([^/\]+-)?ld|collect2)[^/\]*( |$)]
  ignore line: [Change Dir: /Users/k-yoshimi/program/mVMC/src/main/build/CMakeFiles/CMakeTmp]
  ignore line: []
  ignore line: [Run Build Command:"/opt/local/bin/gmake" "cmTC_5eb26/fast"]
  ignore line: [/opt/local/bin/gmake -f CMakeFiles/cmTC_5eb26.dir/build.make CMakeFiles/cmTC_5eb26.dir/build]
  ignore line: [gmake[1]: ディレクトリ '/Users/k-yoshimi/program/mVMC/src/main/build/CMakeFiles/CMakeTmp' に入ります]
  ignore line: [Building C object CMakeFiles/cmTC_5eb26.dir/CMakeCCompilerABI.c.o]
  ignore line: [/opt/intel/compilers_and_libraries_2016.1.111/mac/bin/intel64/icc     -o CMakeFiles/cmTC_5eb26.dir/CMakeCCompilerABI.c.o   -c /opt/local/share/cmake-3.5/Modules/CMakeCCompilerABI.c]
  ignore line: [Linking C executable cmTC_5eb26]
  ignore line: [/opt/local/bin/cmake -E cmake_link_script CMakeFiles/cmTC_5eb26.dir/link.txt --verbose=1]
  ignore line: [/opt/intel/compilers_and_libraries_2016.1.111/mac/bin/intel64/icc    -Wl,-search_paths_first -Wl,-headerpad_max_install_names  -v -Wl,-v CMakeFiles/cmTC_5eb26.dir/CMakeCCompilerABI.c.o  -o cmTC_5eb26   ]
  ignore line: [icc version 16.0.1 (gcc version 4.9.0 compatibility)]
  ignore line: [/opt/intel/compilers_and_libraries_2016.1.111/mac/bin/intel64/mcpcom    -mGLOB_em64t=TRUE -mP1OPT_version=16.0-intel64 -mGLOB_diag_file=CMakeFiles/cmTC_5eb26.dir/CMakeCCompilerABI.c.diag -mGLOB_diag_use_message_catalog=FALSE -mP1OPT_print_version=FALSE -mCG_use_gas_got_workaround=F -mP2OPT_align_option_used=TRUE -mGLOB_gcc_version=490 "-mGLOB_options_string=-Wl,-search_paths_first -Wl,-headerpad_max_install_names -v -Wl,-v -o cmTC_5eb26" -mGLOB_position_independent_code -mGLOB_preemption_model=1 -mGLOB_no_compact_unwind=TRUE -mGLOB_cxx_limited_range=FALSE -mCG_extend_parms=FALSE -mGLOB_compiler_bin_directory=/opt/intel/compilers_and_libraries_2016.1.111/mac/bin/intel64 -mGLOB_as_output_backup_file_name=/var/folders/mj/f5sxy44163qg03fwd5jmv5km0000gn/T/iccdeBJBvas_.s -mGLOB_dashboard_use_source_name -mIPOPT_activate -mGLOB_product_id_code=0x22006d91 -mP3OPT_use_mspp_call_convention -mPGOPTI_value_profile_use=T -mGLOB_opt_report_use_source_name -mP2OPT_il0_array_sections=TRUE -mP2OPT_hlo -mP2OPT_hpo_rtt_control=0 -mIPOPT_args_in_regs=0 -mP2OPT_disam_assume_nonstd_intent_in=FALSE -mGLOB_imf_mapping_library=/opt/intel/compilers_and_libraries_2016.1.111/mac/bin/intel64/libiml_attr.dylib -mPGOPTI_gen_threadsafe_level=0 -mIPOPT_link -mIPOPT_ipo_activate -mIPOPT_mo_activate -mIPOPT_source_files_list=/var/folders/mj/f5sxy44163qg03fwd5jmv5km0000gn/T/iccslis2nrTk2 -mIPOPT_mo_global_data "-mIPOPT_cmdline_link="-dynamic" "-arch" "x86_64" "-weak_reference_mismatches" "non-weak" "-macosx_version_min" "10.11.5" "-no_compact_unwind" "-o" "cmTC_5eb26" "-L/opt/intel//compilers_and_libraries_2016.1.111/mac/compiler/lib" "-L/opt/intel//compilers_and_libraries_2016.1.111/mac/mkl/lib" "-L/opt/intel//compilers_and_libraries_2016.1.111/mac/ipp/lib" "-L/opt/intel//compilers_and_libraries_2016.1.111/mac/compiler/lib" "-L/opt/intel//compilers_and_libraries_2016.1.111/mac/mkl/lib" "-L/opt/intel//compilers_and_libraries_2016.1.111/mac/tbb/lib" "-L/opt/intel/compilers_and_libraries_2016/mac/daal/lib" "-L/opt/intel/compilers_and_libraries_2016/mac/daal/../tbb/lib" "-L/opt/intel/compilers_and_libraries_2016/mac/daal/../compiler/lib" "-L/opt/intel/compilers_and_libraries_2016.1.111/mac/compiler/lib" "-L/usr/lib" "-search_paths_first" "-headerpad_max_install_names" "-v" "CMakeFiles/cmTC_5eb26.dir/CMakeCCompilerABI.c.o" "/opt/intel/compilers_and_libraries_2016.1.111/mac/compiler/lib/libimf.a" "/opt/intel/compilers_and_libraries_2016.1.111/mac/compiler/lib/libsvml.a" "/opt/intel/compilers_and_libraries_2016.1.111/mac/compiler/lib/libirng.a" "/opt/intel/compilers_and_libraries_2016.1.111/mac/compiler/lib/libipgo.a" "/opt/intel/compilers_and_libraries_2016.1.111/mac/compiler/lib/libdecimal.a" "-weak-lcilkrts" "-lc++" "-lSystem" "/opt/intel/compilers_and_libraries_2016.1.111/mac/compiler/lib/libirc.a" "/opt/intel/compilers_and_libraries_2016.1.111/mac/compiler/lib/libsvml.a" "/Applications/Xcode.app/Contents/Developer/Toolchains/XcodeDefault.xctoolchain/usr/bin/../lib/clang/7.0.2/lib/darwin/libclang_rt.osx.a"" -mIPOPT_il_in_obj -mIPOPT_ipo_activate_warn=FALSE -mIPOPT_obj_output_file_name=/var/folders/mj/f5sxy44163qg03fwd5jmv5km0000gn/T/ipo_iccPZVT1w.o -mIPOPT_whole_archive_fixup_file_name=/var/folders/mj/f5sxy44163qg03fwd5jmv5km0000gn/T/iccwarchvQxg6m -mGLOB_long_size_64 -mGLOB_routine_pointer_size_64 -mGLOB_driver_tempfile_name=/var/folders/mj/f5sxy44163qg03fwd5jmv5km0000gn/T/icctempfileHmuQ8j -mGLOB_os_target=GLOB_OS_TARGET_MACH -mGLOB_async_unwind_tables=TRUE -mGLOB_obj_output_file=/var/folders/mj/f5sxy44163qg03fwd5jmv5km0000gn/T/ipo_iccPZVT1w.o -mGLOB_source_dialect=GLOB_SOURCE_DIALECT_NONE -mP1OPT_source_file_name=ipo_out.c CMakeFiles/cmTC_5eb26.dir/CMakeCCompilerABI.c.o -mIPOPT_object_files=T -mIPOPT_assembly_files=/var/folders/mj/f5sxy44163qg03fwd5jmv5km0000gn/T/iccalisZzRftG -mIPOPT_generated_tempfiles=/var/folders/mj/f5sxy44163qg03fwd5jmv5km0000gn/T/iccelis5ekbgh -mIPOPT_embedded_object_base_name=/var/folders/mj/f5sxy44163qg03fwd5jmv5km0000gn/T/icceobjGU8MWc]
  link line: [/Applications/Xcode.app/Contents/Developer/Toolchains/XcodeDefault.xctoolchain/usr/bin/ld    -dynamic -arch x86_64 -weak_reference_mismatches non-weak -macosx_version_min 10.11.5 -no_compact_unwind -o cmTC_5eb26 -L/opt/intel//compilers_and_libraries_2016.1.111/mac/compiler/lib -L/opt/intel//compilers_and_libraries_2016.1.111/mac/mkl/lib -L/opt/intel//compilers_and_libraries_2016.1.111/mac/ipp/lib -L/opt/intel//compilers_and_libraries_2016.1.111/mac/compiler/lib -L/opt/intel//compilers_and_libraries_2016.1.111/mac/mkl/lib -L/opt/intel//compilers_and_libraries_2016.1.111/mac/tbb/lib -L/opt/intel/compilers_and_libraries_2016/mac/daal/lib -L/opt/intel/compilers_and_libraries_2016/mac/daal/../tbb/lib -L/opt/intel/compilers_and_libraries_2016/mac/daal/../compiler/lib -L/opt/intel/compilers_and_libraries_2016.1.111/mac/compiler/lib -L/usr/lib CMakeFiles/cmTC_5eb26.dir/CMakeCCompilerABI.c.o -search_paths_first -headerpad_max_install_names -v /opt/intel/compilers_and_libraries_2016.1.111/mac/compiler/lib/libimf.a /opt/intel/compilers_and_libraries_2016.1.111/mac/compiler/lib/libsvml.a /opt/intel/compilers_and_libraries_2016.1.111/mac/compiler/lib/libirng.a /opt/intel/compilers_and_libraries_2016.1.111/mac/compiler/lib/libipgo.a /opt/intel/compilers_and_libraries_2016.1.111/mac/compiler/lib/libdecimal.a -weak-lcilkrts -lc++ -lSystem /opt/intel/compilers_and_libraries_2016.1.111/mac/compiler/lib/libirc.a /opt/intel/compilers_and_libraries_2016.1.111/mac/compiler/lib/libsvml.a /Applications/Xcode.app/Contents/Developer/Toolchains/XcodeDefault.xctoolchain/usr/bin/../lib/clang/7.0.2/lib/darwin/libclang_rt.osx.a]
    arg [/Applications/Xcode.app/Contents/Developer/Toolchains/XcodeDefault.xctoolchain/usr/bin/ld] ==> ignore
    arg [-dynamic] ==> ignore
    arg [-arch] ==> ignore
    arg [x86_64] ==> ignore
    arg [-weak_reference_mismatches] ==> ignore
    arg [non-weak] ==> ignore
    arg [-macosx_version_min] ==> ignore
    arg [10.11.5] ==> ignore
    arg [-no_compact_unwind] ==> ignore
    arg [-o] ==> ignore
    arg [cmTC_5eb26] ==> ignore
    arg [-L/opt/intel//compilers_and_libraries_2016.1.111/mac/compiler/lib] ==> dir [/opt/intel//compilers_and_libraries_2016.1.111/mac/compiler/lib]
    arg [-L/opt/intel//compilers_and_libraries_2016.1.111/mac/mkl/lib] ==> dir [/opt/intel//compilers_and_libraries_2016.1.111/mac/mkl/lib]
    arg [-L/opt/intel//compilers_and_libraries_2016.1.111/mac/ipp/lib] ==> dir [/opt/intel//compilers_and_libraries_2016.1.111/mac/ipp/lib]
    arg [-L/opt/intel//compilers_and_libraries_2016.1.111/mac/compiler/lib] ==> dir [/opt/intel//compilers_and_libraries_2016.1.111/mac/compiler/lib]
    arg [-L/opt/intel//compilers_and_libraries_2016.1.111/mac/mkl/lib] ==> dir [/opt/intel//compilers_and_libraries_2016.1.111/mac/mkl/lib]
    arg [-L/opt/intel//compilers_and_libraries_2016.1.111/mac/tbb/lib] ==> dir [/opt/intel//compilers_and_libraries_2016.1.111/mac/tbb/lib]
    arg [-L/opt/intel/compilers_and_libraries_2016/mac/daal/lib] ==> dir [/opt/intel/compilers_and_libraries_2016/mac/daal/lib]
    arg [-L/opt/intel/compilers_and_libraries_2016/mac/daal/../tbb/lib] ==> dir [/opt/intel/compilers_and_libraries_2016/mac/daal/../tbb/lib]
    arg [-L/opt/intel/compilers_and_libraries_2016/mac/daal/../compiler/lib] ==> dir [/opt/intel/compilers_and_libraries_2016/mac/daal/../compiler/lib]
    arg [-L/opt/intel/compilers_and_libraries_2016.1.111/mac/compiler/lib] ==> dir [/opt/intel/compilers_and_libraries_2016.1.111/mac/compiler/lib]
    arg [-L/usr/lib] ==> dir [/usr/lib]
    arg [CMakeFiles/cmTC_5eb26.dir/CMakeCCompilerABI.c.o] ==> ignore
    arg [-search_paths_first] ==> ignore
    arg [-headerpad_max_install_names] ==> ignore
    arg [-v] ==> ignore
    arg [/opt/intel/compilers_and_libraries_2016.1.111/mac/compiler/lib/libimf.a] ==> lib [/opt/intel/compilers_and_libraries_2016.1.111/mac/compiler/lib/libimf.a]
    arg [/opt/intel/compilers_and_libraries_2016.1.111/mac/compiler/lib/libsvml.a] ==> lib [/opt/intel/compilers_and_libraries_2016.1.111/mac/compiler/lib/libsvml.a]
    arg [/opt/intel/compilers_and_libraries_2016.1.111/mac/compiler/lib/libirng.a] ==> lib [/opt/intel/compilers_and_libraries_2016.1.111/mac/compiler/lib/libirng.a]
    arg [/opt/intel/compilers_and_libraries_2016.1.111/mac/compiler/lib/libipgo.a] ==> lib [/opt/intel/compilers_and_libraries_2016.1.111/mac/compiler/lib/libipgo.a]
    arg [/opt/intel/compilers_and_libraries_2016.1.111/mac/compiler/lib/libdecimal.a] ==> lib [/opt/intel/compilers_and_libraries_2016.1.111/mac/compiler/lib/libdecimal.a]
    arg [-weak-lcilkrts] ==> ignore
    arg [-lc++] ==> lib [c++]
    arg [-lSystem] ==> lib [System]
    arg [/opt/intel/compilers_and_libraries_2016.1.111/mac/compiler/lib/libirc.a] ==> lib [/opt/intel/compilers_and_libraries_2016.1.111/mac/compiler/lib/libirc.a]
    arg [/opt/intel/compilers_and_libraries_2016.1.111/mac/compiler/lib/libsvml.a] ==> lib [/opt/intel/compilers_and_libraries_2016.1.111/mac/compiler/lib/libsvml.a]
    arg [/Applications/Xcode.app/Contents/Developer/Toolchains/XcodeDefault.xctoolchain/usr/bin/../lib/clang/7.0.2/lib/darwin/libclang_rt.osx.a] ==> lib [/Applications/Xcode.app/Contents/Developer/Toolchains/XcodeDefault.xctoolchain/usr/bin/../lib/clang/7.0.2/lib/darwin/libclang_rt.osx.a]
  Library search paths: [;/opt/intel//compilers_and_libraries_2016.1.111/mac/compiler/lib;/opt/intel//compilers_and_libraries_2016.1.111/mac/mkl/lib;/opt/intel//compilers_and_libraries_2016.1.111/mac/ipp/lib;/opt/intel//compilers_and_libraries_2016.1.111/mac/compiler/lib;/opt/intel//compilers_and_libraries_2016.1.111/mac/mkl/lib;/opt/intel//compilers_and_libraries_2016.1.111/mac/tbb/lib;/opt/intel/compilers_and_libraries_2016/mac/daal/lib;/opt/intel/compilers_and_libraries_2016.1.111/mac/tbb/lib;/opt/intel/compilers_and_libraries_2016.1.111/mac/compiler/lib;/opt/intel/compilers_and_libraries_2016.1.111/mac/compiler/lib;/usr/lib;/usr/lib;/usr/local/lib]
  Framework search paths: [;/Library/Frameworks/;/System/Library/Frameworks/]
  remove lib [System]
  collapse lib [/Applications/Xcode.app/Contents/Developer/Toolchains/XcodeDefault.xctoolchain/usr/bin/../lib/clang/7.0.2/lib/darwin/libclang_rt.osx.a] ==> [/Applications/Xcode.app/Contents/Developer/Toolchains/XcodeDefault.xctoolchain/usr/lib/clang/7.0.2/lib/darwin/libclang_rt.osx.a]
  collapse library dir [/opt/intel//compilers_and_libraries_2016.1.111/mac/compiler/lib] ==> [/opt/intel/compilers_and_libraries_2016.1.111/mac/compiler/lib]
  collapse library dir [/opt/intel//compilers_and_libraries_2016.1.111/mac/mkl/lib] ==> [/opt/intel/compilers_and_libraries_2016.1.111/mac/mkl/lib]
  collapse library dir [/opt/intel//compilers_and_libraries_2016.1.111/mac/ipp/lib] ==> [/opt/intel/compilers_and_libraries_2016.1.111/mac/ipp/lib]
  collapse library dir [/opt/intel//compilers_and_libraries_2016.1.111/mac/compiler/lib] ==> [/opt/intel/compilers_and_libraries_2016.1.111/mac/compiler/lib]
  collapse library dir [/opt/intel//compilers_and_libraries_2016.1.111/mac/mkl/lib] ==> [/opt/intel/compilers_and_libraries_2016.1.111/mac/mkl/lib]
  collapse library dir [/opt/intel//compilers_and_libraries_2016.1.111/mac/tbb/lib] ==> [/opt/intel/compilers_and_libraries_2016.1.111/mac/tbb/lib]
  collapse library dir [/opt/intel/compilers_and_libraries_2016/mac/daal/lib] ==> [/opt/intel/compilers_and_libraries_2016/mac/daal/lib]
  collapse library dir [/opt/intel/compilers_and_libraries_2016/mac/daal/../tbb/lib] ==> [/opt/intel/compilers_and_libraries_2016/mac/tbb/lib]
  collapse library dir [/opt/intel/compilers_and_libraries_2016/mac/daal/../compiler/lib] ==> [/opt/intel/compilers_and_libraries_2016/mac/compiler/lib]
  collapse library dir [/opt/intel/compilers_and_libraries_2016.1.111/mac/compiler/lib] ==> [/opt/intel/compilers_and_libraries_2016.1.111/mac/compiler/lib]
  collapse library dir [/usr/lib] ==> [/usr/lib]
  collapse library dir [/opt/intel//compilers_and_libraries_2016.1.111/mac/compiler/lib] ==> [/opt/intel/compilers_and_libraries_2016.1.111/mac/compiler/lib]
  collapse library dir [/opt/intel//compilers_and_libraries_2016.1.111/mac/mkl/lib] ==> [/opt/intel/compilers_and_libraries_2016.1.111/mac/mkl/lib]
  collapse library dir [/opt/intel//compilers_and_libraries_2016.1.111/mac/ipp/lib] ==> [/opt/intel/compilers_and_libraries_2016.1.111/mac/ipp/lib]
  collapse library dir [/opt/intel//compilers_and_libraries_2016.1.111/mac/compiler/lib] ==> [/opt/intel/compilers_and_libraries_2016.1.111/mac/compiler/lib]
  collapse library dir [/opt/intel//compilers_and_libraries_2016.1.111/mac/mkl/lib] ==> [/opt/intel/compilers_and_libraries_2016.1.111/mac/mkl/lib]
  collapse library dir [/opt/intel//compilers_and_libraries_2016.1.111/mac/tbb/lib] ==> [/opt/intel/compilers_and_libraries_2016.1.111/mac/tbb/lib]
  collapse library dir [/opt/intel/compilers_and_libraries_2016/mac/daal/lib] ==> [/opt/intel/compilers_and_libraries_2016/mac/daal/lib]
  collapse library dir [/opt/intel/compilers_and_libraries_2016.1.111/mac/tbb/lib] ==> [/opt/intel/compilers_and_libraries_2016.1.111/mac/tbb/lib]
  collapse library dir [/opt/intel/compilers_and_libraries_2016.1.111/mac/compiler/lib] ==> [/opt/intel/compilers_and_libraries_2016.1.111/mac/compiler/lib]
  collapse library dir [/opt/intel/compilers_and_libraries_2016.1.111/mac/compiler/lib] ==> [/opt/intel/compilers_and_libraries_2016.1.111/mac/compiler/lib]
  collapse library dir [/usr/lib] ==> [/usr/lib]
  collapse library dir [/usr/lib] ==> [/usr/lib]
  collapse library dir [/usr/local/lib] ==> [/usr/local/lib]
  collapse framework dir [/Library/Frameworks/] ==> [/Library/Frameworks]
  collapse framework dir [/System/Library/Frameworks/] ==> [/System/Library/Frameworks]
  implicit libs: [/opt/intel/compilers_and_libraries_2016.1.111/mac/compiler/lib/libimf.a;/opt/intel/compilers_and_libraries_2016.1.111/mac/compiler/lib/libsvml.a;/opt/intel/compilers_and_libraries_2016.1.111/mac/compiler/lib/libirng.a;/opt/intel/compilers_and_libraries_2016.1.111/mac/compiler/lib/libipgo.a;/opt/intel/compilers_and_libraries_2016.1.111/mac/compiler/lib/libdecimal.a;c++;/opt/intel/compilers_and_libraries_2016.1.111/mac/compiler/lib/libirc.a;/opt/intel/compilers_and_libraries_2016.1.111/mac/compiler/lib/libsvml.a;/Applications/Xcode.app/Contents/Developer/Toolchains/XcodeDefault.xctoolchain/usr/lib/clang/7.0.2/lib/darwin/libclang_rt.osx.a]
  implicit dirs: [/opt/intel/compilers_and_libraries_2016.1.111/mac/compiler/lib;/opt/intel/compilers_and_libraries_2016.1.111/mac/mkl/lib;/opt/intel/compilers_and_libraries_2016.1.111/mac/ipp/lib;/opt/intel/compilers_and_libraries_2016.1.111/mac/tbb/lib;/opt/intel/compilers_and_libraries_2016/mac/daal/lib;/opt/intel/compilers_and_libraries_2016/mac/tbb/lib;/opt/intel/compilers_and_libraries_2016/mac/compiler/lib;/usr/lib;/usr/local/lib]
  implicit fwks: [/Library/Frameworks;/System/Library/Frameworks]


Performing C SOURCE FILE Test OpenMP_FLAG_DETECTED succeeded with the following output:
Change Dir: /Users/k-yoshimi/program/mVMC/src/main/build/CMakeFiles/CMakeTmp

Run Build Command:"/opt/local/bin/gmake" "cmTC_f1125/fast"
/opt/local/bin/gmake -f CMakeFiles/cmTC_f1125.dir/build.make CMakeFiles/cmTC_f1125.dir/build
gmake[1]: ディレクトリ '/Users/k-yoshimi/program/mVMC/src/main/build/CMakeFiles/CMakeTmp' に入ります
Building C object CMakeFiles/cmTC_f1125.dir/src.c.o
/opt/intel/compilers_and_libraries_2016.1.111/mac/bin/intel64/icc    -DOpenMP_FLAG_DETECTED -qopenmp   -o CMakeFiles/cmTC_f1125.dir/src.c.o   -c /Users/k-yoshimi/program/mVMC/src/main/build/CMakeFiles/CMakeTmp/src.c
Linking C executable cmTC_f1125
/opt/local/bin/cmake -E cmake_link_script CMakeFiles/cmTC_f1125.dir/link.txt --verbose=1
/opt/intel/compilers_and_libraries_2016.1.111/mac/bin/intel64/icc   -DOpenMP_FLAG_DETECTED -qopenmp -Wl,-search_paths_first -Wl,-headerpad_max_install_names   CMakeFiles/cmTC_f1125.dir/src.c.o  -o cmTC_f1125  
gmake[1]: ディレクトリ '/Users/k-yoshimi/program/mVMC/src/main/build/CMakeFiles/CMakeTmp' から出ます

Source file was:

#include <omp.h>
int main() {
#ifdef _OPENMP
  return 0;
#else
  breaks_on_purpose
#endif
}

Determining if the include file pthread.h exists passed with the following output:
Change Dir: /Users/k-yoshimi/program/mVMC/src/main/build/CMakeFiles/CMakeTmp

Run Build Command:"/opt/local/bin/gmake" "cmTC_e7700/fast"
/opt/local/bin/gmake -f CMakeFiles/cmTC_e7700.dir/build.make CMakeFiles/cmTC_e7700.dir/build
gmake[1]: ディレクトリ '/Users/k-yoshimi/program/mVMC/src/main/build/CMakeFiles/CMakeTmp' に入ります
Building C object CMakeFiles/cmTC_e7700.dir/CheckIncludeFile.c.o
/opt/intel/compilers_and_libraries_2016.1.111/mac/bin/intel64/icc    -qopenmp    -o CMakeFiles/cmTC_e7700.dir/CheckIncludeFile.c.o   -c /Users/k-yoshimi/program/mVMC/src/main/build/CMakeFiles/CMakeTmp/CheckIncludeFile.c
Linking C executable cmTC_e7700
/opt/local/bin/cmake -E cmake_link_script CMakeFiles/cmTC_e7700.dir/link.txt --verbose=1
/opt/intel/compilers_and_libraries_2016.1.111/mac/bin/intel64/icc   -qopenmp  -Wl,-search_paths_first -Wl,-headerpad_max_install_names   CMakeFiles/cmTC_e7700.dir/CheckIncludeFile.c.o  -o cmTC_e7700  
gmake[1]: ディレクトリ '/Users/k-yoshimi/program/mVMC/src/main/build/CMakeFiles/CMakeTmp' から出ます


Determining if the pthread_create exist passed with the following output:
Change Dir: /Users/k-yoshimi/program/mVMC/src/main/build/CMakeFiles/CMakeTmp

Run Build Command:"/opt/local/bin/gmake" "cmTC_20f07/fast"
/opt/local/bin/gmake -f CMakeFiles/cmTC_20f07.dir/build.make CMakeFiles/cmTC_20f07.dir/build
gmake[1]: ディレクトリ '/Users/k-yoshimi/program/mVMC/src/main/build/CMakeFiles/CMakeTmp' に入ります
Building C object CMakeFiles/cmTC_20f07.dir/CheckSymbolExists.c.o
/opt/intel/compilers_and_libraries_2016.1.111/mac/bin/intel64/icc    -qopenmp    -o CMakeFiles/cmTC_20f07.dir/CheckSymbolExists.c.o   -c /Users/k-yoshimi/program/mVMC/src/main/build/CMakeFiles/CMakeTmp/CheckSymbolExists.c
Linking C executable cmTC_20f07
/opt/local/bin/cmake -E cmake_link_script CMakeFiles/cmTC_20f07.dir/link.txt --verbose=1
/opt/intel/compilers_and_libraries_2016.1.111/mac/bin/intel64/icc   -qopenmp  -Wl,-search_paths_first -Wl,-headerpad_max_install_names   CMakeFiles/cmTC_20f07.dir/CheckSymbolExists.c.o  -o cmTC_20f07  
gmake[1]: ディレクトリ '/Users/k-yoshimi/program/mVMC/src/main/build/CMakeFiles/CMakeTmp' から出ます

File /Users/k-yoshimi/program/mVMC/src/main/build/CMakeFiles/CMakeTmp/CheckSymbolExists.c:
/* */
#include <pthread.h>

int main(int argc, char** argv)
{
  (void)argv;
#ifndef pthread_create
  return ((int*)(&pthread_create))[argc];
#else
  (void)argc;
  return 0;
#endif
}

Determining if the function sgemm_ exists passed with the following output:
Change Dir: /Users/k-yoshimi/program/mVMC/src/main/build/CMakeFiles/CMakeTmp

Run Build Command:"/opt/local/bin/gmake" "cmTC_a628f/fast"
/opt/local/bin/gmake -f CMakeFiles/cmTC_a628f.dir/build.make CMakeFiles/cmTC_a628f.dir/build
gmake[1]: ディレクトリ '/Users/k-yoshimi/program/mVMC/src/main/build/CMakeFiles/CMakeTmp' に入ります
Building C object CMakeFiles/cmTC_a628f.dir/CheckFunctionExists.c.o
/opt/intel/compilers_and_libraries_2016.1.111/mac/bin/intel64/icc    -qopenmp -DCHECK_FUNCTION_EXISTS=sgemm_   -o CMakeFiles/cmTC_a628f.dir/CheckFunctionExists.c.o   -c /opt/local/share/cmake-3.5/Modules/CheckFunctionExists.c
Linking C executable cmTC_a628f
/opt/local/bin/cmake -E cmake_link_script CMakeFiles/cmTC_a628f.dir/link.txt --verbose=1
/opt/intel/compilers_and_libraries_2016.1.111/mac/bin/intel64/icc   -qopenmp -DCHECK_FUNCTION_EXISTS=sgemm_ -Wl,-search_paths_first -Wl,-headerpad_max_install_names   CMakeFiles/cmTC_a628f.dir/CheckFunctionExists.c.o  -o cmTC_a628f  /Users/k-yoshimi/anaconda/lib/libmkl_intel_lp64.dylib /Users/k-yoshimi/anaconda/lib/libmkl_intel_thread.dylib /Users/k-yoshimi/anaconda/lib/libmkl_core.dylib /Users/k-yoshimi/anaconda/lib/libiomp5.dylib -lm 
gmake[1]: ディレクトリ '/Users/k-yoshimi/program/mVMC/src/main/build/CMakeFiles/CMakeTmp' から出ます


Determining if the function cheev_ exists passed with the following output:
Change Dir: /Users/k-yoshimi/program/mVMC/src/main/build/CMakeFiles/CMakeTmp

Run Build Command:"/opt/local/bin/gmake" "cmTC_5513c/fast"
/opt/local/bin/gmake -f CMakeFiles/cmTC_5513c.dir/build.make CMakeFiles/cmTC_5513c.dir/build
gmake[1]: ディレクトリ '/Users/k-yoshimi/program/mVMC/src/main/build/CMakeFiles/CMakeTmp' に入ります
Building C object CMakeFiles/cmTC_5513c.dir/CheckFunctionExists.c.o
/opt/intel/compilers_and_libraries_2016.1.111/mac/bin/intel64/icc    -qopenmp -DCHECK_FUNCTION_EXISTS=cheev_   -o CMakeFiles/cmTC_5513c.dir/CheckFunctionExists.c.o   -c /opt/local/share/cmake-3.5/Modules/CheckFunctionExists.c
Linking C executable cmTC_5513c
/opt/local/bin/cmake -E cmake_link_script CMakeFiles/cmTC_5513c.dir/link.txt --verbose=1
/opt/intel/compilers_and_libraries_2016.1.111/mac/bin/intel64/icc   -qopenmp -DCHECK_FUNCTION_EXISTS=cheev_ -Wl,-search_paths_first -Wl,-headerpad_max_install_names   CMakeFiles/cmTC_5513c.dir/CheckFunctionExists.c.o  -o cmTC_5513c  /Users/k-yoshimi/anaconda/lib/libmkl_intel_lp64.dylib /Users/k-yoshimi/anaconda/lib/libmkl_intel_thread.dylib /Users/k-yoshimi/anaconda/lib/libmkl_core.dylib /Users/k-yoshimi/anaconda/lib/libiomp5.dylib -lm 
gmake[1]: ディレクトリ '/Users/k-yoshimi/program/mVMC/src/main/build/CMakeFiles/CMakeTmp' から出ます


