Performing C SOURCE FILE Test OpenMP_FLAG_DETECTED failed with the following output:
Change Dir: /Users/yoshimi/program/mVMC/src/main/build_gnu/CMakeFiles/CMakeTmp

Run Build Command:"/opt/local/bin/gmake" "cmTC_dd573/fast"
/opt/local/bin/gmake -f CMakeFiles/cmTC_dd573.dir/build.make CMakeFiles/cmTC_dd573.dir/build
gmake[1]: ディレクトリ '/Users/yoshimi/program/mVMC/src/main/build_gnu/CMakeFiles/CMakeTmp' に入ります
Building C object CMakeFiles/cmTC_dd573.dir/src.c.o
/Applications/Xcode.app/Contents/Developer/Toolchains/XcodeDefault.xctoolchain/usr/bin/cc    -DOpenMP_FLAG_DETECTED -fopenmp=libomp   -o CMakeFiles/cmTC_dd573.dir/src.c.o   -c /Users/yoshimi/program/mVMC/src/main/build_gnu/CMakeFiles/CMakeTmp/src.c
clang: warning: argument unused during compilation: '-fopenmp=libomp'
/Users/yoshimi/program/mVMC/src/main/build_gnu/CMakeFiles/CMakeTmp/src.c:2:10: fatal error: 'omp.h' file not found
#include <omp.h>
         ^
1 error generated.
CMakeFiles/cmTC_dd573.dir/build.make:65: ターゲット 'CMakeFiles/cmTC_dd573.dir/src.c.o' のレシピで失敗しました
gmake[1]: *** [CMakeFiles/cmTC_dd573.dir/src.c.o] エラー 1
gmake[1]: ディレクトリ '/Users/yoshimi/program/mVMC/src/main/build_gnu/CMakeFiles/CMakeTmp' から出ます
Makefile:126: ターゲット 'cmTC_dd573/fast' のレシピで失敗しました
gmake: *** [cmTC_dd573/fast] エラー 2

Source file was:

#include <omp.h>
int main() {
#ifdef _OPENMP
  return 0;
#else
  breaks_on_purpose
#endif
}

Performing C SOURCE FILE Test OpenMP_FLAG_DETECTED failed with the following output:
Change Dir: /Users/yoshimi/program/mVMC/src/main/build_gnu/CMakeFiles/CMakeTmp

Run Build Command:"/opt/local/bin/gmake" "cmTC_71598/fast"
/opt/local/bin/gmake -f CMakeFiles/cmTC_71598.dir/build.make CMakeFiles/cmTC_71598.dir/build
gmake[1]: ディレクトリ '/Users/yoshimi/program/mVMC/src/main/build_gnu/CMakeFiles/CMakeTmp' に入ります
Building C object CMakeFiles/cmTC_71598.dir/src.c.o
/Applications/Xcode.app/Contents/Developer/Toolchains/XcodeDefault.xctoolchain/usr/bin/cc    -DOpenMP_FLAG_DETECTED   -o CMakeFiles/cmTC_71598.dir/src.c.o   -c /Users/yoshimi/program/mVMC/src/main/build_gnu/CMakeFiles/CMakeTmp/src.c
/Users/yoshimi/program/mVMC/src/main/build_gnu/CMakeFiles/CMakeTmp/src.c:2:10: fatal error: 'omp.h' file not found
#include <omp.h>
         ^
1 error generated.
CMakeFiles/cmTC_71598.dir/build.make:65: ターゲット 'CMakeFiles/cmTC_71598.dir/src.c.o' のレシピで失敗しました
gmake[1]: *** [CMakeFiles/cmTC_71598.dir/src.c.o] エラー 1
gmake[1]: ディレクトリ '/Users/yoshimi/program/mVMC/src/main/build_gnu/CMakeFiles/CMakeTmp' から出ます
Makefile:126: ターゲット 'cmTC_71598/fast' のレシピで失敗しました
gmake: *** [cmTC_71598/fast] エラー 2

Source file was:

#include <omp.h>
int main() {
#ifdef _OPENMP
  return 0;
#else
  breaks_on_purpose
#endif
}

Performing C SOURCE FILE Test OpenMP_FLAG_DETECTED failed with the following output:
Change Dir: /Users/yoshimi/program/mVMC/src/main/build_gnu/CMakeFiles/CMakeTmp

Run Build Command:"/opt/local/bin/gmake" "cmTC_4d38c/fast"
/opt/local/bin/gmake -f CMakeFiles/cmTC_4d38c.dir/build.make CMakeFiles/cmTC_4d38c.dir/build
gmake[1]: ディレクトリ '/Users/yoshimi/program/mVMC/src/main/build_gnu/CMakeFiles/CMakeTmp' に入ります
Building C object CMakeFiles/cmTC_4d38c.dir/src.c.o
/Applications/Xcode.app/Contents/Developer/Toolchains/XcodeDefault.xctoolchain/usr/bin/cc    -DOpenMP_FLAG_DETECTED -fopenmp   -o CMakeFiles/cmTC_4d38c.dir/src.c.o   -c /Users/yoshimi/program/mVMC/src/main/build_gnu/CMakeFiles/CMakeTmp/src.c
/Users/yoshimi/program/mVMC/src/main/build_gnu/CMakeFiles/CMakeTmp/src.c:2:10: fatal error: 'omp.h' file not found
#include <omp.h>
         ^
1 error generated.
CMakeFiles/cmTC_4d38c.dir/build.make:65: ターゲット 'CMakeFiles/cmTC_4d38c.dir/src.c.o' のレシピで失敗しました
gmake[1]: *** [CMakeFiles/cmTC_4d38c.dir/src.c.o] エラー 1
gmake[1]: ディレクトリ '/Users/yoshimi/program/mVMC/src/main/build_gnu/CMakeFiles/CMakeTmp' から出ます
Makefile:126: ターゲット 'cmTC_4d38c/fast' のレシピで失敗しました
gmake: *** [cmTC_4d38c/fast] エラー 2

Source file was:

#include <omp.h>
int main() {
#ifdef _OPENMP
  return 0;
#else
  breaks_on_purpose
#endif
}

Performing C SOURCE FILE Test OpenMP_FLAG_DETECTED failed with the following output:
Change Dir: /Users/yoshimi/program/mVMC/src/main/build_gnu/CMakeFiles/CMakeTmp

Run Build Command:"/opt/local/bin/gmake" "cmTC_480a6/fast"
/opt/local/bin/gmake -f CMakeFiles/cmTC_480a6.dir/build.make CMakeFiles/cmTC_480a6.dir/build
gmake[1]: ディレクトリ '/Users/yoshimi/program/mVMC/src/main/build_gnu/CMakeFiles/CMakeTmp' に入ります
Building C object CMakeFiles/cmTC_480a6.dir/src.c.o
/Applications/Xcode.app/Contents/Developer/Toolchains/XcodeDefault.xctoolchain/usr/bin/cc    -DOpenMP_FLAG_DETECTED /openmp   -o CMakeFiles/cmTC_480a6.dir/src.c.o   -c /Users/yoshimi/program/mVMC/src/main/build_gnu/CMakeFiles/CMakeTmp/src.c
clang: error: no such file or directory: '/openmp'
CMakeFiles/cmTC_480a6.dir/build.make:65: ターゲット 'CMakeFiles/cmTC_480a6.dir/src.c.o' のレシピで失敗しました
gmake[1]: *** [CMakeFiles/cmTC_480a6.dir/src.c.o] エラー 1
gmake[1]: ディレクトリ '/Users/yoshimi/program/mVMC/src/main/build_gnu/CMakeFiles/CMakeTmp' から出ます
Makefile:126: ターゲット 'cmTC_480a6/fast' のレシピで失敗しました
gmake: *** [cmTC_480a6/fast] エラー 2

Source file was:

#include <omp.h>
int main() {
#ifdef _OPENMP
  return 0;
#else
  breaks_on_purpose
#endif
}

Performing C SOURCE FILE Test OpenMP_FLAG_DETECTED failed with the following output:
Change Dir: /Users/yoshimi/program/mVMC/src/main/build_gnu/CMakeFiles/CMakeTmp

Run Build Command:"/opt/local/bin/gmake" "cmTC_c0344/fast"
/opt/local/bin/gmake -f CMakeFiles/cmTC_c0344.dir/build.make CMakeFiles/cmTC_c0344.dir/build
gmake[1]: ディレクトリ '/Users/yoshimi/program/mVMC/src/main/build_gnu/CMakeFiles/CMakeTmp' に入ります
Building C object CMakeFiles/cmTC_c0344.dir/src.c.o
/Applications/Xcode.app/Contents/Developer/Toolchains/XcodeDefault.xctoolchain/usr/bin/cc    -DOpenMP_FLAG_DETECTED -Qopenmp   -o CMakeFiles/cmTC_c0344.dir/src.c.o   -c /Users/yoshimi/program/mVMC/src/main/build_gnu/CMakeFiles/CMakeTmp/src.c
clang: error: unknown argument: '-Qopenmp'
CMakeFiles/cmTC_c0344.dir/build.make:65: ターゲット 'CMakeFiles/cmTC_c0344.dir/src.c.o' のレシピで失敗しました
gmake[1]: *** [CMakeFiles/cmTC_c0344.dir/src.c.o] エラー 1
gmake[1]: ディレクトリ '/Users/yoshimi/program/mVMC/src/main/build_gnu/CMakeFiles/CMakeTmp' から出ます
Makefile:126: ターゲット 'cmTC_c0344/fast' のレシピで失敗しました
gmake: *** [cmTC_c0344/fast] エラー 2

Source file was:

#include <omp.h>
int main() {
#ifdef _OPENMP
  return 0;
#else
  breaks_on_purpose
#endif
}

Performing C SOURCE FILE Test OpenMP_FLAG_DETECTED failed with the following output:
Change Dir: /Users/yoshimi/program/mVMC/src/main/build_gnu/CMakeFiles/CMakeTmp

Run Build Command:"/opt/local/bin/gmake" "cmTC_a7b90/fast"
/opt/local/bin/gmake -f CMakeFiles/cmTC_a7b90.dir/build.make CMakeFiles/cmTC_a7b90.dir/build
gmake[1]: ディレクトリ '/Users/yoshimi/program/mVMC/src/main/build_gnu/CMakeFiles/CMakeTmp' に入ります
Building C object CMakeFiles/cmTC_a7b90.dir/src.c.o
/Applications/Xcode.app/Contents/Developer/Toolchains/XcodeDefault.xctoolchain/usr/bin/cc    -DOpenMP_FLAG_DETECTED -openmp   -o CMakeFiles/cmTC_a7b90.dir/src.c.o   -c /Users/yoshimi/program/mVMC/src/main/build_gnu/CMakeFiles/CMakeTmp/src.c
/Users/yoshimi/program/mVMC/src/main/build_gnu/CMakeFiles/CMakeTmp/src.c:2:10: fatal error: 'omp.h' file not found
#include <omp.h>
         ^
1 error generated.
CMakeFiles/cmTC_a7b90.dir/build.make:65: ターゲット 'CMakeFiles/cmTC_a7b90.dir/src.c.o' のレシピで失敗しました
gmake[1]: *** [CMakeFiles/cmTC_a7b90.dir/src.c.o] エラー 1
gmake[1]: ディレクトリ '/Users/yoshimi/program/mVMC/src/main/build_gnu/CMakeFiles/CMakeTmp' から出ます
Makefile:126: ターゲット 'cmTC_a7b90/fast' のレシピで失敗しました
gmake: *** [cmTC_a7b90/fast] エラー 2

Source file was:

#include <omp.h>
int main() {
#ifdef _OPENMP
  return 0;
#else
  breaks_on_purpose
#endif
}

Performing C SOURCE FILE Test OpenMP_FLAG_DETECTED failed with the following output:
Change Dir: /Users/yoshimi/program/mVMC/src/main/build_gnu/CMakeFiles/CMakeTmp

Run Build Command:"/opt/local/bin/gmake" "cmTC_dd3ea/fast"
/opt/local/bin/gmake -f CMakeFiles/cmTC_dd3ea.dir/build.make CMakeFiles/cmTC_dd3ea.dir/build
gmake[1]: ディレクトリ '/Users/yoshimi/program/mVMC/src/main/build_gnu/CMakeFiles/CMakeTmp' に入ります
Building C object CMakeFiles/cmTC_dd3ea.dir/src.c.o
/Applications/Xcode.app/Contents/Developer/Toolchains/XcodeDefault.xctoolchain/usr/bin/cc    -DOpenMP_FLAG_DETECTED -xopenmp   -o CMakeFiles/cmTC_dd3ea.dir/src.c.o   -c /Users/yoshimi/program/mVMC/src/main/build_gnu/CMakeFiles/CMakeTmp/src.c
clang: error: language not recognized: 'openmp'
clang: warning: /Users/yoshimi/program/mVMC/src/main/build_gnu/CMakeFiles/CMakeTmp/src.c: 'linker' input unused
CMakeFiles/cmTC_dd3ea.dir/build.make:65: ターゲット 'CMakeFiles/cmTC_dd3ea.dir/src.c.o' のレシピで失敗しました
gmake[1]: *** [CMakeFiles/cmTC_dd3ea.dir/src.c.o] エラー 1
gmake[1]: ディレクトリ '/Users/yoshimi/program/mVMC/src/main/build_gnu/CMakeFiles/CMakeTmp' から出ます
Makefile:126: ターゲット 'cmTC_dd3ea/fast' のレシピで失敗しました
gmake: *** [cmTC_dd3ea/fast] エラー 2

Source file was:

#include <omp.h>
int main() {
#ifdef _OPENMP
  return 0;
#else
  breaks_on_purpose
#endif
}

Performing C SOURCE FILE Test OpenMP_FLAG_DETECTED failed with the following output:
Change Dir: /Users/yoshimi/program/mVMC/src/main/build_gnu/CMakeFiles/CMakeTmp

Run Build Command:"/opt/local/bin/gmake" "cmTC_7464b/fast"
/opt/local/bin/gmake -f CMakeFiles/cmTC_7464b.dir/build.make CMakeFiles/cmTC_7464b.dir/build
gmake[1]: ディレクトリ '/Users/yoshimi/program/mVMC/src/main/build_gnu/CMakeFiles/CMakeTmp' に入ります
Building C object CMakeFiles/cmTC_7464b.dir/src.c.o
/Applications/Xcode.app/Contents/Developer/Toolchains/XcodeDefault.xctoolchain/usr/bin/cc    -DOpenMP_FLAG_DETECTED +Oopenmp   -o CMakeFiles/cmTC_7464b.dir/src.c.o   -c /Users/yoshimi/program/mVMC/src/main/build_gnu/CMakeFiles/CMakeTmp/src.c
clang: error: no such file or directory: '+Oopenmp'
CMakeFiles/cmTC_7464b.dir/build.make:65: ターゲット 'CMakeFiles/cmTC_7464b.dir/src.c.o' のレシピで失敗しました
gmake[1]: *** [CMakeFiles/cmTC_7464b.dir/src.c.o] エラー 1
gmake[1]: ディレクトリ '/Users/yoshimi/program/mVMC/src/main/build_gnu/CMakeFiles/CMakeTmp' から出ます
Makefile:126: ターゲット 'cmTC_7464b/fast' のレシピで失敗しました
gmake: *** [cmTC_7464b/fast] エラー 2

Source file was:

#include <omp.h>
int main() {
#ifdef _OPENMP
  return 0;
#else
  breaks_on_purpose
#endif
}

Performing C SOURCE FILE Test OpenMP_FLAG_DETECTED failed with the following output:
Change Dir: /Users/yoshimi/program/mVMC/src/main/build_gnu/CMakeFiles/CMakeTmp

Run Build Command:"/opt/local/bin/gmake" "cmTC_2850f/fast"
/opt/local/bin/gmake -f CMakeFiles/cmTC_2850f.dir/build.make CMakeFiles/cmTC_2850f.dir/build
gmake[1]: ディレクトリ '/Users/yoshimi/program/mVMC/src/main/build_gnu/CMakeFiles/CMakeTmp' に入ります
Building C object CMakeFiles/cmTC_2850f.dir/src.c.o
/Applications/Xcode.app/Contents/Developer/Toolchains/XcodeDefault.xctoolchain/usr/bin/cc    -DOpenMP_FLAG_DETECTED -qsmp   -o CMakeFiles/cmTC_2850f.dir/src.c.o   -c /Users/yoshimi/program/mVMC/src/main/build_gnu/CMakeFiles/CMakeTmp/src.c
clang: error: unknown argument: '-qsmp'
CMakeFiles/cmTC_2850f.dir/build.make:65: ターゲット 'CMakeFiles/cmTC_2850f.dir/src.c.o' のレシピで失敗しました
gmake[1]: *** [CMakeFiles/cmTC_2850f.dir/src.c.o] エラー 1
gmake[1]: ディレクトリ '/Users/yoshimi/program/mVMC/src/main/build_gnu/CMakeFiles/CMakeTmp' から出ます
Makefile:126: ターゲット 'cmTC_2850f/fast' のレシピで失敗しました
gmake: *** [cmTC_2850f/fast] エラー 2

Source file was:

#include <omp.h>
int main() {
#ifdef _OPENMP
  return 0;
#else
  breaks_on_purpose
#endif
}

Performing C SOURCE FILE Test OpenMP_FLAG_DETECTED failed with the following output:
Change Dir: /Users/yoshimi/program/mVMC/src/main/build_gnu/CMakeFiles/CMakeTmp

Run Build Command:"/opt/local/bin/gmake" "cmTC_a37c3/fast"
/opt/local/bin/gmake -f CMakeFiles/cmTC_a37c3.dir/build.make CMakeFiles/cmTC_a37c3.dir/build
gmake[1]: ディレクトリ '/Users/yoshimi/program/mVMC/src/main/build_gnu/CMakeFiles/CMakeTmp' に入ります
Building C object CMakeFiles/cmTC_a37c3.dir/src.c.o
/Applications/Xcode.app/Contents/Developer/Toolchains/XcodeDefault.xctoolchain/usr/bin/cc    -DOpenMP_FLAG_DETECTED -mp   -o CMakeFiles/cmTC_a37c3.dir/src.c.o   -c /Users/yoshimi/program/mVMC/src/main/build_gnu/CMakeFiles/CMakeTmp/src.c
clang: error: unknown argument: '-mp'
CMakeFiles/cmTC_a37c3.dir/build.make:65: ターゲット 'CMakeFiles/cmTC_a37c3.dir/src.c.o' のレシピで失敗しました
gmake[1]: *** [CMakeFiles/cmTC_a37c3.dir/src.c.o] エラー 1
gmake[1]: ディレクトリ '/Users/yoshimi/program/mVMC/src/main/build_gnu/CMakeFiles/CMakeTmp' から出ます
Makefile:126: ターゲット 'cmTC_a37c3/fast' のレシピで失敗しました
gmake: *** [cmTC_a37c3/fast] エラー 2

Source file was:

#include <omp.h>
int main() {
#ifdef _OPENMP
  return 0;
#else
  breaks_on_purpose
#endif
}

Performing C SOURCE FILE Test OpenMP_FLAG_DETECTED failed with the following output:
Change Dir: /Users/yoshimi/program/mVMC/src/main/build_gnu/CMakeFiles/CMakeTmp

Run Build Command:"/opt/local/bin/gmake" "cmTC_36c84/fast"
/opt/local/bin/gmake -f CMakeFiles/cmTC_36c84.dir/build.make CMakeFiles/cmTC_36c84.dir/build
gmake[1]: ディレクトリ '/Users/yoshimi/program/mVMC/src/main/build_gnu/CMakeFiles/CMakeTmp' に入ります
Building C object CMakeFiles/cmTC_36c84.dir/src.c.o
/Applications/Xcode.app/Contents/Developer/Toolchains/XcodeDefault.xctoolchain/usr/bin/cc    -DOpenMP_FLAG_DETECTED -fopenmp=libomp   -o CMakeFiles/cmTC_36c84.dir/src.c.o   -c /Users/yoshimi/program/mVMC/src/main/build_gnu/CMakeFiles/CMakeTmp/src.c
clang: warning: argument unused during compilation: '-fopenmp=libomp'
/Users/yoshimi/program/mVMC/src/main/build_gnu/CMakeFiles/CMakeTmp/src.c:2:10: fatal error: 'omp.h' file not found
#include <omp.h>
         ^
1 error generated.
CMakeFiles/cmTC_36c84.dir/build.make:65: ターゲット 'CMakeFiles/cmTC_36c84.dir/src.c.o' のレシピで失敗しました
gmake[1]: *** [CMakeFiles/cmTC_36c84.dir/src.c.o] エラー 1
gmake[1]: ディレクトリ '/Users/yoshimi/program/mVMC/src/main/build_gnu/CMakeFiles/CMakeTmp' から出ます
Makefile:126: ターゲット 'cmTC_36c84/fast' のレシピで失敗しました
gmake: *** [cmTC_36c84/fast] エラー 2

Source file was:

#include <omp.h>
int main() {
#ifdef _OPENMP
  return 0;
#else
  breaks_on_purpose
#endif
}

Performing C SOURCE FILE Test OpenMP_FLAG_DETECTED failed with the following output:
Change Dir: /Users/yoshimi/program/mVMC/src/main/build_gnu/CMakeFiles/CMakeTmp

Run Build Command:"/opt/local/bin/gmake" "cmTC_b7561/fast"
/opt/local/bin/gmake -f CMakeFiles/cmTC_b7561.dir/build.make CMakeFiles/cmTC_b7561.dir/build
gmake[1]: ディレクトリ '/Users/yoshimi/program/mVMC/src/main/build_gnu/CMakeFiles/CMakeTmp' に入ります
Building C object CMakeFiles/cmTC_b7561.dir/src.c.o
/Applications/Xcode.app/Contents/Developer/Toolchains/XcodeDefault.xctoolchain/usr/bin/cc    -DOpenMP_FLAG_DETECTED   -o CMakeFiles/cmTC_b7561.dir/src.c.o   -c /Users/yoshimi/program/mVMC/src/main/build_gnu/CMakeFiles/CMakeTmp/src.c
/Users/yoshimi/program/mVMC/src/main/build_gnu/CMakeFiles/CMakeTmp/src.c:2:10: fatal error: 'omp.h' file not found
#include <omp.h>
         ^
1 error generated.
CMakeFiles/cmTC_b7561.dir/build.make:65: ターゲット 'CMakeFiles/cmTC_b7561.dir/src.c.o' のレシピで失敗しました
gmake[1]: *** [CMakeFiles/cmTC_b7561.dir/src.c.o] エラー 1
gmake[1]: ディレクトリ '/Users/yoshimi/program/mVMC/src/main/build_gnu/CMakeFiles/CMakeTmp' から出ます
Makefile:126: ターゲット 'cmTC_b7561/fast' のレシピで失敗しました
gmake: *** [cmTC_b7561/fast] エラー 2

Source file was:

#include <omp.h>
int main() {
#ifdef _OPENMP
  return 0;
#else
  breaks_on_purpose
#endif
}

Performing C SOURCE FILE Test OpenMP_FLAG_DETECTED failed with the following output:
Change Dir: /Users/yoshimi/program/mVMC/src/main/build_gnu/CMakeFiles/CMakeTmp

Run Build Command:"/opt/local/bin/gmake" "cmTC_19922/fast"
/opt/local/bin/gmake -f CMakeFiles/cmTC_19922.dir/build.make CMakeFiles/cmTC_19922.dir/build
gmake[1]: ディレクトリ '/Users/yoshimi/program/mVMC/src/main/build_gnu/CMakeFiles/CMakeTmp' に入ります
Building C object CMakeFiles/cmTC_19922.dir/src.c.o
/Applications/Xcode.app/Contents/Developer/Toolchains/XcodeDefault.xctoolchain/usr/bin/cc    -DOpenMP_FLAG_DETECTED -fopenmp   -o CMakeFiles/cmTC_19922.dir/src.c.o   -c /Users/yoshimi/program/mVMC/src/main/build_gnu/CMakeFiles/CMakeTmp/src.c
/Users/yoshimi/program/mVMC/src/main/build_gnu/CMakeFiles/CMakeTmp/src.c:2:10: fatal error: 'omp.h' file not found
#include <omp.h>
         ^
1 error generated.
CMakeFiles/cmTC_19922.dir/build.make:65: ターゲット 'CMakeFiles/cmTC_19922.dir/src.c.o' のレシピで失敗しました
gmake[1]: *** [CMakeFiles/cmTC_19922.dir/src.c.o] エラー 1
gmake[1]: ディレクトリ '/Users/yoshimi/program/mVMC/src/main/build_gnu/CMakeFiles/CMakeTmp' から出ます
Makefile:126: ターゲット 'cmTC_19922/fast' のレシピで失敗しました
gmake: *** [cmTC_19922/fast] エラー 2

Source file was:

#include <omp.h>
int main() {
#ifdef _OPENMP
  return 0;
#else
  breaks_on_purpose
#endif
}

Performing C SOURCE FILE Test OpenMP_FLAG_DETECTED failed with the following output:
Change Dir: /Users/yoshimi/program/mVMC/src/main/build_gnu/CMakeFiles/CMakeTmp

Run Build Command:"/opt/local/bin/gmake" "cmTC_64058/fast"
/opt/local/bin/gmake -f CMakeFiles/cmTC_64058.dir/build.make CMakeFiles/cmTC_64058.dir/build
gmake[1]: ディレクトリ '/Users/yoshimi/program/mVMC/src/main/build_gnu/CMakeFiles/CMakeTmp' に入ります
Building C object CMakeFiles/cmTC_64058.dir/src.c.o
/Applications/Xcode.app/Contents/Developer/Toolchains/XcodeDefault.xctoolchain/usr/bin/cc    -DOpenMP_FLAG_DETECTED /openmp   -o CMakeFiles/cmTC_64058.dir/src.c.o   -c /Users/yoshimi/program/mVMC/src/main/build_gnu/CMakeFiles/CMakeTmp/src.c
clang: error: no such file or directory: '/openmp'
CMakeFiles/cmTC_64058.dir/build.make:65: ターゲット 'CMakeFiles/cmTC_64058.dir/src.c.o' のレシピで失敗しました
gmake[1]: *** [CMakeFiles/cmTC_64058.dir/src.c.o] エラー 1
gmake[1]: ディレクトリ '/Users/yoshimi/program/mVMC/src/main/build_gnu/CMakeFiles/CMakeTmp' から出ます
Makefile:126: ターゲット 'cmTC_64058/fast' のレシピで失敗しました
gmake: *** [cmTC_64058/fast] エラー 2

Source file was:

#include <omp.h>
int main() {
#ifdef _OPENMP
  return 0;
#else
  breaks_on_purpose
#endif
}

Performing C SOURCE FILE Test OpenMP_FLAG_DETECTED failed with the following output:
Change Dir: /Users/yoshimi/program/mVMC/src/main/build_gnu/CMakeFiles/CMakeTmp

Run Build Command:"/opt/local/bin/gmake" "cmTC_d9fd8/fast"
/opt/local/bin/gmake -f CMakeFiles/cmTC_d9fd8.dir/build.make CMakeFiles/cmTC_d9fd8.dir/build
gmake[1]: ディレクトリ '/Users/yoshimi/program/mVMC/src/main/build_gnu/CMakeFiles/CMakeTmp' に入ります
Building C object CMakeFiles/cmTC_d9fd8.dir/src.c.o
/Applications/Xcode.app/Contents/Developer/Toolchains/XcodeDefault.xctoolchain/usr/bin/cc    -DOpenMP_FLAG_DETECTED -Qopenmp   -o CMakeFiles/cmTC_d9fd8.dir/src.c.o   -c /Users/yoshimi/program/mVMC/src/main/build_gnu/CMakeFiles/CMakeTmp/src.c
clang: error: unknown argument: '-Qopenmp'
CMakeFiles/cmTC_d9fd8.dir/build.make:65: ターゲット 'CMakeFiles/cmTC_d9fd8.dir/src.c.o' のレシピで失敗しました
gmake[1]: *** [CMakeFiles/cmTC_d9fd8.dir/src.c.o] エラー 1
gmake[1]: ディレクトリ '/Users/yoshimi/program/mVMC/src/main/build_gnu/CMakeFiles/CMakeTmp' から出ます
Makefile:126: ターゲット 'cmTC_d9fd8/fast' のレシピで失敗しました
gmake: *** [cmTC_d9fd8/fast] エラー 2

Source file was:

#include <omp.h>
int main() {
#ifdef _OPENMP
  return 0;
#else
  breaks_on_purpose
#endif
}

Performing C SOURCE FILE Test OpenMP_FLAG_DETECTED failed with the following output:
Change Dir: /Users/yoshimi/program/mVMC/src/main/build_gnu/CMakeFiles/CMakeTmp

Run Build Command:"/opt/local/bin/gmake" "cmTC_6d98e/fast"
/opt/local/bin/gmake -f CMakeFiles/cmTC_6d98e.dir/build.make CMakeFiles/cmTC_6d98e.dir/build
gmake[1]: ディレクトリ '/Users/yoshimi/program/mVMC/src/main/build_gnu/CMakeFiles/CMakeTmp' に入ります
Building C object CMakeFiles/cmTC_6d98e.dir/src.c.o
/Applications/Xcode.app/Contents/Developer/Toolchains/XcodeDefault.xctoolchain/usr/bin/cc    -DOpenMP_FLAG_DETECTED -openmp   -o CMakeFiles/cmTC_6d98e.dir/src.c.o   -c /Users/yoshimi/program/mVMC/src/main/build_gnu/CMakeFiles/CMakeTmp/src.c
/Users/yoshimi/program/mVMC/src/main/build_gnu/CMakeFiles/CMakeTmp/src.c:2:10: fatal error: 'omp.h' file not found
#include <omp.h>
         ^
1 error generated.
CMakeFiles/cmTC_6d98e.dir/build.make:65: ターゲット 'CMakeFiles/cmTC_6d98e.dir/src.c.o' のレシピで失敗しました
gmake[1]: *** [CMakeFiles/cmTC_6d98e.dir/src.c.o] エラー 1
gmake[1]: ディレクトリ '/Users/yoshimi/program/mVMC/src/main/build_gnu/CMakeFiles/CMakeTmp' から出ます
Makefile:126: ターゲット 'cmTC_6d98e/fast' のレシピで失敗しました
gmake: *** [cmTC_6d98e/fast] エラー 2

Source file was:

#include <omp.h>
int main() {
#ifdef _OPENMP
  return 0;
#else
  breaks_on_purpose
#endif
}

Performing C SOURCE FILE Test OpenMP_FLAG_DETECTED failed with the following output:
Change Dir: /Users/yoshimi/program/mVMC/src/main/build_gnu/CMakeFiles/CMakeTmp

Run Build Command:"/opt/local/bin/gmake" "cmTC_2a518/fast"
/opt/local/bin/gmake -f CMakeFiles/cmTC_2a518.dir/build.make CMakeFiles/cmTC_2a518.dir/build
gmake[1]: ディレクトリ '/Users/yoshimi/program/mVMC/src/main/build_gnu/CMakeFiles/CMakeTmp' に入ります
Building C object CMakeFiles/cmTC_2a518.dir/src.c.o
/Applications/Xcode.app/Contents/Developer/Toolchains/XcodeDefault.xctoolchain/usr/bin/cc    -DOpenMP_FLAG_DETECTED -xopenmp   -o CMakeFiles/cmTC_2a518.dir/src.c.o   -c /Users/yoshimi/program/mVMC/src/main/build_gnu/CMakeFiles/CMakeTmp/src.c
clang: error: language not recognized: 'openmp'
clang: warning: /Users/yoshimi/program/mVMC/src/main/build_gnu/CMakeFiles/CMakeTmp/src.c: 'linker' input unused
CMakeFiles/cmTC_2a518.dir/build.make:65: ターゲット 'CMakeFiles/cmTC_2a518.dir/src.c.o' のレシピで失敗しました
gmake[1]: *** [CMakeFiles/cmTC_2a518.dir/src.c.o] エラー 1
gmake[1]: ディレクトリ '/Users/yoshimi/program/mVMC/src/main/build_gnu/CMakeFiles/CMakeTmp' から出ます
Makefile:126: ターゲット 'cmTC_2a518/fast' のレシピで失敗しました
gmake: *** [cmTC_2a518/fast] エラー 2

Source file was:

#include <omp.h>
int main() {
#ifdef _OPENMP
  return 0;
#else
  breaks_on_purpose
#endif
}

Performing C SOURCE FILE Test OpenMP_FLAG_DETECTED failed with the following output:
Change Dir: /Users/yoshimi/program/mVMC/src/main/build_gnu/CMakeFiles/CMakeTmp

Run Build Command:"/opt/local/bin/gmake" "cmTC_4f77e/fast"
/opt/local/bin/gmake -f CMakeFiles/cmTC_4f77e.dir/build.make CMakeFiles/cmTC_4f77e.dir/build
gmake[1]: ディレクトリ '/Users/yoshimi/program/mVMC/src/main/build_gnu/CMakeFiles/CMakeTmp' に入ります
Building C object CMakeFiles/cmTC_4f77e.dir/src.c.o
/Applications/Xcode.app/Contents/Developer/Toolchains/XcodeDefault.xctoolchain/usr/bin/cc    -DOpenMP_FLAG_DETECTED +Oopenmp   -o CMakeFiles/cmTC_4f77e.dir/src.c.o   -c /Users/yoshimi/program/mVMC/src/main/build_gnu/CMakeFiles/CMakeTmp/src.c
clang: error: no such file or directory: '+Oopenmp'
CMakeFiles/cmTC_4f77e.dir/build.make:65: ターゲット 'CMakeFiles/cmTC_4f77e.dir/src.c.o' のレシピで失敗しました
gmake[1]: *** [CMakeFiles/cmTC_4f77e.dir/src.c.o] エラー 1
gmake[1]: ディレクトリ '/Users/yoshimi/program/mVMC/src/main/build_gnu/CMakeFiles/CMakeTmp' から出ます
Makefile:126: ターゲット 'cmTC_4f77e/fast' のレシピで失敗しました
gmake: *** [cmTC_4f77e/fast] エラー 2

Source file was:

#include <omp.h>
int main() {
#ifdef _OPENMP
  return 0;
#else
  breaks_on_purpose
#endif
}

Performing C SOURCE FILE Test OpenMP_FLAG_DETECTED failed with the following output:
Change Dir: /Users/yoshimi/program/mVMC/src/main/build_gnu/CMakeFiles/CMakeTmp

Run Build Command:"/opt/local/bin/gmake" "cmTC_0a03d/fast"
/opt/local/bin/gmake -f CMakeFiles/cmTC_0a03d.dir/build.make CMakeFiles/cmTC_0a03d.dir/build
gmake[1]: ディレクトリ '/Users/yoshimi/program/mVMC/src/main/build_gnu/CMakeFiles/CMakeTmp' に入ります
Building C object CMakeFiles/cmTC_0a03d.dir/src.c.o
/Applications/Xcode.app/Contents/Developer/Toolchains/XcodeDefault.xctoolchain/usr/bin/cc    -DOpenMP_FLAG_DETECTED -qsmp   -o CMakeFiles/cmTC_0a03d.dir/src.c.o   -c /Users/yoshimi/program/mVMC/src/main/build_gnu/CMakeFiles/CMakeTmp/src.c
clang: error: unknown argument: '-qsmp'
CMakeFiles/cmTC_0a03d.dir/build.make:65: ターゲット 'CMakeFiles/cmTC_0a03d.dir/src.c.o' のレシピで失敗しました
gmake[1]: *** [CMakeFiles/cmTC_0a03d.dir/src.c.o] エラー 1
gmake[1]: ディレクトリ '/Users/yoshimi/program/mVMC/src/main/build_gnu/CMakeFiles/CMakeTmp' から出ます
Makefile:126: ターゲット 'cmTC_0a03d/fast' のレシピで失敗しました
gmake: *** [cmTC_0a03d/fast] エラー 2

Source file was:

#include <omp.h>
int main() {
#ifdef _OPENMP
  return 0;
#else
  breaks_on_purpose
#endif
}

Performing C SOURCE FILE Test OpenMP_FLAG_DETECTED failed with the following output:
Change Dir: /Users/yoshimi/program/mVMC/src/main/build_gnu/CMakeFiles/CMakeTmp

Run Build Command:"/opt/local/bin/gmake" "cmTC_78288/fast"
/opt/local/bin/gmake -f CMakeFiles/cmTC_78288.dir/build.make CMakeFiles/cmTC_78288.dir/build
gmake[1]: ディレクトリ '/Users/yoshimi/program/mVMC/src/main/build_gnu/CMakeFiles/CMakeTmp' に入ります
Building C object CMakeFiles/cmTC_78288.dir/src.c.o
/Applications/Xcode.app/Contents/Developer/Toolchains/XcodeDefault.xctoolchain/usr/bin/cc    -DOpenMP_FLAG_DETECTED -mp   -o CMakeFiles/cmTC_78288.dir/src.c.o   -c /Users/yoshimi/program/mVMC/src/main/build_gnu/CMakeFiles/CMakeTmp/src.c
clang: error: unknown argument: '-mp'
CMakeFiles/cmTC_78288.dir/build.make:65: ターゲット 'CMakeFiles/cmTC_78288.dir/src.c.o' のレシピで失敗しました
gmake[1]: *** [CMakeFiles/cmTC_78288.dir/src.c.o] エラー 1
gmake[1]: ディレクトリ '/Users/yoshimi/program/mVMC/src/main/build_gnu/CMakeFiles/CMakeTmp' から出ます
Makefile:126: ターゲット 'cmTC_78288/fast' のレシピで失敗しました
gmake: *** [cmTC_78288/fast] エラー 2

Source file was:

#include <omp.h>
int main() {
#ifdef _OPENMP
  return 0;
#else
  breaks_on_purpose
#endif
}

